[2022-07-10 22:58:04,560] {scheduler_job.py:182} INFO - Started process (PID=1919) to work on /opt/airflow/dags/assignment.py
[2022-07-10 22:58:04,567] {scheduler_job.py:633} INFO - Processing file /opt/airflow/dags/assignment.py for tasks to queue
[2022-07-10 22:58:04,570] {logging_mixin.py:104} INFO - [2022-07-10 22:58:04,570] {dagbag.py:496} INFO - Filling up the DagBag from /opt/airflow/dags/assignment.py
[2022-07-10 22:58:04,713] {scheduler_job.py:643} INFO - DAG(s) dict_keys(['assignment']) retrieved from /opt/airflow/dags/assignment.py
[2022-07-10 22:58:31,307] {logging_mixin.py:104} INFO - [2022-07-10 22:58:31,306] {dag.py:1833} INFO - Sync 1 DAGs
[2022-07-10 22:58:31,360] {logging_mixin.py:104} INFO - [2022-07-10 22:58:31,355] {dag.py:1852} INFO - Creating ORM DAG for assignment
[2022-07-10 22:58:31,423] {logging_mixin.py:104} INFO - [2022-07-10 22:58:31,422] {dag.py:2306} INFO - Setting next_dagrun for assignment to 2022-07-09 00:00:00+00:00
[2022-07-10 22:58:31,465] {scheduler_job.py:190} INFO - Processing /opt/airflow/dags/assignment.py took 26.911 seconds
[2022-07-10 22:59:01,776] {scheduler_job.py:182} INFO - Started process (PID=1986) to work on /opt/airflow/dags/assignment.py
[2022-07-10 22:59:01,781] {scheduler_job.py:633} INFO - Processing file /opt/airflow/dags/assignment.py for tasks to queue
[2022-07-10 22:59:01,784] {logging_mixin.py:104} INFO - [2022-07-10 22:59:01,784] {dagbag.py:496} INFO - Filling up the DagBag from /opt/airflow/dags/assignment.py
[2022-07-10 22:59:01,891] {scheduler_job.py:643} INFO - DAG(s) dict_keys(['assignment']) retrieved from /opt/airflow/dags/assignment.py
[2022-07-10 22:59:02,076] {logging_mixin.py:104} INFO - [2022-07-10 22:59:02,075] {dag.py:1833} INFO - Sync 1 DAGs
[2022-07-10 22:59:02,187] {logging_mixin.py:104} INFO - [2022-07-10 22:59:02,187] {dag.py:2306} INFO - Setting next_dagrun for assignment to 2022-07-09 00:00:00+00:00
[2022-07-10 22:59:02,231] {scheduler_job.py:190} INFO - Processing /opt/airflow/dags/assignment.py took 0.463 seconds
[2022-07-10 22:59:32,511] {scheduler_job.py:182} INFO - Started process (PID=2017) to work on /opt/airflow/dags/assignment.py
[2022-07-10 22:59:32,530] {scheduler_job.py:633} INFO - Processing file /opt/airflow/dags/assignment.py for tasks to queue
[2022-07-10 22:59:32,537] {logging_mixin.py:104} INFO - [2022-07-10 22:59:32,536] {dagbag.py:496} INFO - Filling up the DagBag from /opt/airflow/dags/assignment.py
[2022-07-10 22:59:32,691] {scheduler_job.py:643} INFO - DAG(s) dict_keys(['assignment']) retrieved from /opt/airflow/dags/assignment.py
[2022-07-10 22:59:32,969] {logging_mixin.py:104} INFO - [2022-07-10 22:59:32,968] {dag.py:1833} INFO - Sync 1 DAGs
[2022-07-10 22:59:33,117] {logging_mixin.py:104} INFO - [2022-07-10 22:59:33,116] {dag.py:2306} INFO - Setting next_dagrun for assignment to 2022-07-10 00:00:00+00:00
[2022-07-10 22:59:33,180] {scheduler_job.py:190} INFO - Processing /opt/airflow/dags/assignment.py took 0.681 seconds
[2022-07-10 23:00:03,545] {scheduler_job.py:182} INFO - Started process (PID=2047) to work on /opt/airflow/dags/assignment.py
[2022-07-10 23:00:03,552] {scheduler_job.py:633} INFO - Processing file /opt/airflow/dags/assignment.py for tasks to queue
[2022-07-10 23:00:03,558] {logging_mixin.py:104} INFO - [2022-07-10 23:00:03,556] {dagbag.py:496} INFO - Filling up the DagBag from /opt/airflow/dags/assignment.py
[2022-07-10 23:00:03,717] {scheduler_job.py:643} INFO - DAG(s) dict_keys(['assignment']) retrieved from /opt/airflow/dags/assignment.py
[2022-07-10 23:00:03,886] {logging_mixin.py:104} INFO - [2022-07-10 23:00:03,885] {dag.py:1833} INFO - Sync 1 DAGs
[2022-07-10 23:00:03,981] {logging_mixin.py:104} INFO - [2022-07-10 23:00:03,980] {dag.py:2306} INFO - Setting next_dagrun for assignment to 2022-07-10 00:00:00+00:00
[2022-07-10 23:00:04,018] {scheduler_job.py:190} INFO - Processing /opt/airflow/dags/assignment.py took 0.484 seconds
[2022-07-10 23:00:34,263] {scheduler_job.py:182} INFO - Started process (PID=2085) to work on /opt/airflow/dags/assignment.py
[2022-07-10 23:00:34,270] {scheduler_job.py:633} INFO - Processing file /opt/airflow/dags/assignment.py for tasks to queue
[2022-07-10 23:00:34,281] {logging_mixin.py:104} INFO - [2022-07-10 23:00:34,281] {dagbag.py:496} INFO - Filling up the DagBag from /opt/airflow/dags/assignment.py
[2022-07-10 23:00:34,394] {scheduler_job.py:643} INFO - DAG(s) dict_keys(['assignment']) retrieved from /opt/airflow/dags/assignment.py
[2022-07-10 23:00:34,555] {logging_mixin.py:104} INFO - [2022-07-10 23:00:34,555] {dag.py:1833} INFO - Sync 1 DAGs
[2022-07-10 23:00:34,659] {logging_mixin.py:104} INFO - [2022-07-10 23:00:34,658] {dag.py:2306} INFO - Setting next_dagrun for assignment to 2022-07-10 00:00:00+00:00
[2022-07-10 23:00:34,698] {scheduler_job.py:190} INFO - Processing /opt/airflow/dags/assignment.py took 0.447 seconds
[2022-07-10 23:01:04,960] {scheduler_job.py:182} INFO - Started process (PID=2109) to work on /opt/airflow/dags/assignment.py
[2022-07-10 23:01:04,965] {scheduler_job.py:633} INFO - Processing file /opt/airflow/dags/assignment.py for tasks to queue
[2022-07-10 23:01:04,968] {logging_mixin.py:104} INFO - [2022-07-10 23:01:04,967] {dagbag.py:496} INFO - Filling up the DagBag from /opt/airflow/dags/assignment.py
[2022-07-10 23:01:05,036] {scheduler_job.py:643} INFO - DAG(s) dict_keys(['assignment']) retrieved from /opt/airflow/dags/assignment.py
[2022-07-10 23:01:05,161] {logging_mixin.py:104} INFO - [2022-07-10 23:01:05,160] {dag.py:1833} INFO - Sync 1 DAGs
[2022-07-10 23:01:05,241] {logging_mixin.py:104} INFO - [2022-07-10 23:01:05,241] {dag.py:2306} INFO - Setting next_dagrun for assignment to 2022-07-10 00:00:00+00:00
[2022-07-10 23:01:05,270] {scheduler_job.py:190} INFO - Processing /opt/airflow/dags/assignment.py took 0.317 seconds
[2022-07-10 23:01:35,610] {scheduler_job.py:182} INFO - Started process (PID=2147) to work on /opt/airflow/dags/assignment.py
[2022-07-10 23:01:35,630] {scheduler_job.py:633} INFO - Processing file /opt/airflow/dags/assignment.py for tasks to queue
[2022-07-10 23:01:35,651] {logging_mixin.py:104} INFO - [2022-07-10 23:01:35,649] {dagbag.py:496} INFO - Filling up the DagBag from /opt/airflow/dags/assignment.py
[2022-07-10 23:01:36,165] {scheduler_job.py:643} INFO - DAG(s) dict_keys(['assignment']) retrieved from /opt/airflow/dags/assignment.py
[2022-07-10 23:01:38,106] {logging_mixin.py:104} INFO - [2022-07-10 23:01:38,104] {dag.py:1833} INFO - Sync 1 DAGs
[2022-07-10 23:01:38,410] {logging_mixin.py:104} INFO - [2022-07-10 23:01:38,409] {dag.py:2306} INFO - Setting next_dagrun for assignment to 2022-07-10 00:00:00+00:00
[2022-07-10 23:01:38,559] {scheduler_job.py:190} INFO - Processing /opt/airflow/dags/assignment.py took 2.978 seconds
[2022-07-10 23:02:09,241] {scheduler_job.py:182} INFO - Started process (PID=2171) to work on /opt/airflow/dags/assignment.py
[2022-07-10 23:02:09,246] {scheduler_job.py:633} INFO - Processing file /opt/airflow/dags/assignment.py for tasks to queue
[2022-07-10 23:02:09,250] {logging_mixin.py:104} INFO - [2022-07-10 23:02:09,249] {dagbag.py:496} INFO - Filling up the DagBag from /opt/airflow/dags/assignment.py
[2022-07-10 23:02:09,333] {scheduler_job.py:643} INFO - DAG(s) dict_keys(['assignment']) retrieved from /opt/airflow/dags/assignment.py
[2022-07-10 23:02:09,491] {logging_mixin.py:104} INFO - [2022-07-10 23:02:09,491] {dag.py:1833} INFO - Sync 1 DAGs
[2022-07-10 23:02:09,595] {logging_mixin.py:104} INFO - [2022-07-10 23:02:09,594] {dag.py:2306} INFO - Setting next_dagrun for assignment to 2022-07-10 00:00:00+00:00
[2022-07-10 23:02:09,633] {scheduler_job.py:190} INFO - Processing /opt/airflow/dags/assignment.py took 0.401 seconds
[2022-07-10 23:02:39,943] {scheduler_job.py:182} INFO - Started process (PID=2211) to work on /opt/airflow/dags/assignment.py
[2022-07-10 23:02:39,988] {scheduler_job.py:633} INFO - Processing file /opt/airflow/dags/assignment.py for tasks to queue
[2022-07-10 23:02:39,996] {logging_mixin.py:104} INFO - [2022-07-10 23:02:39,995] {dagbag.py:496} INFO - Filling up the DagBag from /opt/airflow/dags/assignment.py
[2022-07-10 23:02:40,119] {scheduler_job.py:643} INFO - DAG(s) dict_keys(['assignment']) retrieved from /opt/airflow/dags/assignment.py
[2022-07-10 23:02:40,317] {logging_mixin.py:104} INFO - [2022-07-10 23:02:40,317] {dag.py:1833} INFO - Sync 1 DAGs
[2022-07-10 23:02:40,462] {logging_mixin.py:104} INFO - [2022-07-10 23:02:40,461] {dag.py:2306} INFO - Setting next_dagrun for assignment to 2022-07-10 00:00:00+00:00
[2022-07-10 23:02:40,521] {scheduler_job.py:190} INFO - Processing /opt/airflow/dags/assignment.py took 0.609 seconds
[2022-07-10 23:03:01,874] {scheduler_job.py:182} INFO - Started process (PID=2232) to work on /opt/airflow/dags/assignment.py
[2022-07-10 23:03:01,880] {scheduler_job.py:633} INFO - Processing file /opt/airflow/dags/assignment.py for tasks to queue
[2022-07-10 23:03:01,883] {logging_mixin.py:104} INFO - [2022-07-10 23:03:01,883] {dagbag.py:496} INFO - Filling up the DagBag from /opt/airflow/dags/assignment.py
[2022-07-10 23:03:01,995] {scheduler_job.py:643} INFO - DAG(s) dict_keys(['assignment']) retrieved from /opt/airflow/dags/assignment.py
[2022-07-10 23:03:02,140] {logging_mixin.py:104} INFO - [2022-07-10 23:03:02,140] {dag.py:1833} INFO - Sync 1 DAGs
[2022-07-10 23:03:02,237] {logging_mixin.py:104} INFO - [2022-07-10 23:03:02,236] {dag.py:2306} INFO - Setting next_dagrun for assignment to 2022-07-10 00:00:00+00:00
[2022-07-10 23:03:02,291] {scheduler_job.py:190} INFO - Processing /opt/airflow/dags/assignment.py took 0.428 seconds
[2022-07-10 23:03:16,471] {scheduler_job.py:182} INFO - Started process (PID=2249) to work on /opt/airflow/dags/assignment.py
[2022-07-10 23:03:16,479] {scheduler_job.py:633} INFO - Processing file /opt/airflow/dags/assignment.py for tasks to queue
[2022-07-10 23:03:16,484] {logging_mixin.py:104} INFO - [2022-07-10 23:03:16,483] {dagbag.py:496} INFO - Filling up the DagBag from /opt/airflow/dags/assignment.py
[2022-07-10 23:03:16,631] {scheduler_job.py:643} INFO - DAG(s) dict_keys(['assignment']) retrieved from /opt/airflow/dags/assignment.py
[2022-07-10 23:03:16,836] {logging_mixin.py:104} INFO - [2022-07-10 23:03:16,835] {dag.py:1833} INFO - Sync 1 DAGs
[2022-07-10 23:03:16,953] {logging_mixin.py:104} INFO - [2022-07-10 23:03:16,952] {dag.py:2306} INFO - Setting next_dagrun for assignment to 2022-07-10 00:00:00+00:00
[2022-07-10 23:03:17,022] {scheduler_job.py:190} INFO - Processing /opt/airflow/dags/assignment.py took 0.569 seconds
[2022-07-10 23:03:47,325] {scheduler_job.py:182} INFO - Started process (PID=2273) to work on /opt/airflow/dags/assignment.py
[2022-07-10 23:03:47,331] {scheduler_job.py:633} INFO - Processing file /opt/airflow/dags/assignment.py for tasks to queue
[2022-07-10 23:03:47,335] {logging_mixin.py:104} INFO - [2022-07-10 23:03:47,335] {dagbag.py:496} INFO - Filling up the DagBag from /opt/airflow/dags/assignment.py
[2022-07-10 23:03:47,410] {scheduler_job.py:643} INFO - DAG(s) dict_keys(['assignment']) retrieved from /opt/airflow/dags/assignment.py
[2022-07-10 23:03:47,534] {logging_mixin.py:104} INFO - [2022-07-10 23:03:47,534] {dag.py:1833} INFO - Sync 1 DAGs
[2022-07-10 23:03:47,614] {logging_mixin.py:104} INFO - [2022-07-10 23:03:47,614] {dag.py:2306} INFO - Setting next_dagrun for assignment to 2022-07-10 00:00:00+00:00
[2022-07-10 23:03:47,644] {scheduler_job.py:190} INFO - Processing /opt/airflow/dags/assignment.py took 0.329 seconds
[2022-07-10 23:04:17,880] {scheduler_job.py:182} INFO - Started process (PID=2313) to work on /opt/airflow/dags/assignment.py
[2022-07-10 23:04:17,895] {scheduler_job.py:633} INFO - Processing file /opt/airflow/dags/assignment.py for tasks to queue
[2022-07-10 23:04:17,902] {logging_mixin.py:104} INFO - [2022-07-10 23:04:17,901] {dagbag.py:496} INFO - Filling up the DagBag from /opt/airflow/dags/assignment.py
[2022-07-10 23:04:18,056] {scheduler_job.py:643} INFO - DAG(s) dict_keys(['assignment']) retrieved from /opt/airflow/dags/assignment.py
[2022-07-10 23:04:18,290] {logging_mixin.py:104} INFO - [2022-07-10 23:04:18,289] {dag.py:1833} INFO - Sync 1 DAGs
[2022-07-10 23:04:18,405] {logging_mixin.py:104} INFO - [2022-07-10 23:04:18,404] {dag.py:2306} INFO - Setting next_dagrun for assignment to 2022-07-10 00:00:00+00:00
[2022-07-10 23:04:18,445] {scheduler_job.py:190} INFO - Processing /opt/airflow/dags/assignment.py took 0.582 seconds
[2022-07-10 23:04:48,751] {scheduler_job.py:182} INFO - Started process (PID=2334) to work on /opt/airflow/dags/assignment.py
[2022-07-10 23:04:48,766] {scheduler_job.py:633} INFO - Processing file /opt/airflow/dags/assignment.py for tasks to queue
[2022-07-10 23:04:48,773] {logging_mixin.py:104} INFO - [2022-07-10 23:04:48,773] {dagbag.py:496} INFO - Filling up the DagBag from /opt/airflow/dags/assignment.py
[2022-07-10 23:04:48,910] {scheduler_job.py:643} INFO - DAG(s) dict_keys(['assignment']) retrieved from /opt/airflow/dags/assignment.py
[2022-07-10 23:04:49,103] {logging_mixin.py:104} INFO - [2022-07-10 23:04:49,103] {dag.py:1833} INFO - Sync 1 DAGs
[2022-07-10 23:04:49,195] {logging_mixin.py:104} INFO - [2022-07-10 23:04:49,194] {dag.py:2306} INFO - Setting next_dagrun for assignment to 2022-07-10 00:00:00+00:00
[2022-07-10 23:04:49,229] {scheduler_job.py:190} INFO - Processing /opt/airflow/dags/assignment.py took 0.495 seconds
[2022-07-10 23:05:19,491] {scheduler_job.py:182} INFO - Started process (PID=2374) to work on /opt/airflow/dags/assignment.py
[2022-07-10 23:05:19,497] {scheduler_job.py:633} INFO - Processing file /opt/airflow/dags/assignment.py for tasks to queue
[2022-07-10 23:05:19,501] {logging_mixin.py:104} INFO - [2022-07-10 23:05:19,501] {dagbag.py:496} INFO - Filling up the DagBag from /opt/airflow/dags/assignment.py
[2022-07-10 23:05:19,623] {scheduler_job.py:643} INFO - DAG(s) dict_keys(['assignment']) retrieved from /opt/airflow/dags/assignment.py
[2022-07-10 23:05:19,821] {logging_mixin.py:104} INFO - [2022-07-10 23:05:19,820] {dag.py:1833} INFO - Sync 1 DAGs
[2022-07-10 23:05:19,953] {logging_mixin.py:104} INFO - [2022-07-10 23:05:19,953] {dag.py:2306} INFO - Setting next_dagrun for assignment to 2022-07-10 00:00:00+00:00
[2022-07-10 23:05:20,004] {scheduler_job.py:190} INFO - Processing /opt/airflow/dags/assignment.py took 0.522 seconds
[2022-07-10 23:05:50,297] {scheduler_job.py:182} INFO - Started process (PID=2395) to work on /opt/airflow/dags/assignment.py
[2022-07-10 23:05:50,302] {scheduler_job.py:633} INFO - Processing file /opt/airflow/dags/assignment.py for tasks to queue
[2022-07-10 23:05:50,306] {logging_mixin.py:104} INFO - [2022-07-10 23:05:50,305] {dagbag.py:496} INFO - Filling up the DagBag from /opt/airflow/dags/assignment.py
[2022-07-10 23:05:50,402] {scheduler_job.py:643} INFO - DAG(s) dict_keys(['assignment']) retrieved from /opt/airflow/dags/assignment.py
[2022-07-10 23:05:50,568] {logging_mixin.py:104} INFO - [2022-07-10 23:05:50,568] {dag.py:1833} INFO - Sync 1 DAGs
[2022-07-10 23:05:50,678] {logging_mixin.py:104} INFO - [2022-07-10 23:05:50,678] {dag.py:2306} INFO - Setting next_dagrun for assignment to 2022-07-10 00:00:00+00:00
[2022-07-10 23:05:50,741] {scheduler_job.py:190} INFO - Processing /opt/airflow/dags/assignment.py took 0.453 seconds
[2022-07-10 23:06:21,026] {scheduler_job.py:182} INFO - Started process (PID=2435) to work on /opt/airflow/dags/assignment.py
[2022-07-10 23:06:21,033] {scheduler_job.py:633} INFO - Processing file /opt/airflow/dags/assignment.py for tasks to queue
[2022-07-10 23:06:21,038] {logging_mixin.py:104} INFO - [2022-07-10 23:06:21,037] {dagbag.py:496} INFO - Filling up the DagBag from /opt/airflow/dags/assignment.py
[2022-07-10 23:06:21,132] {scheduler_job.py:643} INFO - DAG(s) dict_keys(['assignment']) retrieved from /opt/airflow/dags/assignment.py
[2022-07-10 23:06:21,337] {logging_mixin.py:104} INFO - [2022-07-10 23:06:21,336] {dag.py:1833} INFO - Sync 1 DAGs
[2022-07-10 23:06:21,481] {logging_mixin.py:104} INFO - [2022-07-10 23:06:21,480] {dag.py:2306} INFO - Setting next_dagrun for assignment to 2022-07-10 00:00:00+00:00
[2022-07-10 23:06:21,538] {scheduler_job.py:190} INFO - Processing /opt/airflow/dags/assignment.py took 0.529 seconds
[2022-07-10 23:06:51,983] {scheduler_job.py:182} INFO - Started process (PID=2456) to work on /opt/airflow/dags/assignment.py
[2022-07-10 23:06:51,990] {scheduler_job.py:633} INFO - Processing file /opt/airflow/dags/assignment.py for tasks to queue
[2022-07-10 23:06:51,993] {logging_mixin.py:104} INFO - [2022-07-10 23:06:51,992] {dagbag.py:496} INFO - Filling up the DagBag from /opt/airflow/dags/assignment.py
[2022-07-10 23:06:52,072] {scheduler_job.py:643} INFO - DAG(s) dict_keys(['assignment']) retrieved from /opt/airflow/dags/assignment.py
[2022-07-10 23:06:52,292] {logging_mixin.py:104} INFO - [2022-07-10 23:06:52,291] {dag.py:1833} INFO - Sync 1 DAGs
[2022-07-10 23:06:52,420] {logging_mixin.py:104} INFO - [2022-07-10 23:06:52,420] {dag.py:2306} INFO - Setting next_dagrun for assignment to 2022-07-10 00:00:00+00:00
[2022-07-10 23:06:52,462] {scheduler_job.py:190} INFO - Processing /opt/airflow/dags/assignment.py took 0.486 seconds
[2022-07-10 23:07:22,605] {scheduler_job.py:182} INFO - Started process (PID=2496) to work on /opt/airflow/dags/assignment.py
[2022-07-10 23:07:22,612] {scheduler_job.py:633} INFO - Processing file /opt/airflow/dags/assignment.py for tasks to queue
[2022-07-10 23:07:22,617] {logging_mixin.py:104} INFO - [2022-07-10 23:07:22,617] {dagbag.py:496} INFO - Filling up the DagBag from /opt/airflow/dags/assignment.py
[2022-07-10 23:07:22,754] {scheduler_job.py:643} INFO - DAG(s) dict_keys(['assignment']) retrieved from /opt/airflow/dags/assignment.py
[2022-07-10 23:07:22,949] {logging_mixin.py:104} INFO - [2022-07-10 23:07:22,948] {dag.py:1833} INFO - Sync 1 DAGs
[2022-07-10 23:07:23,161] {logging_mixin.py:104} INFO - [2022-07-10 23:07:23,160] {dag.py:2306} INFO - Setting next_dagrun for assignment to 2022-07-10 00:00:00+00:00
[2022-07-10 23:07:23,249] {scheduler_job.py:190} INFO - Processing /opt/airflow/dags/assignment.py took 0.654 seconds
[2022-07-10 23:07:53,583] {scheduler_job.py:182} INFO - Started process (PID=2527) to work on /opt/airflow/dags/assignment.py
[2022-07-10 23:07:53,589] {scheduler_job.py:633} INFO - Processing file /opt/airflow/dags/assignment.py for tasks to queue
[2022-07-10 23:07:53,593] {logging_mixin.py:104} INFO - [2022-07-10 23:07:53,592] {dagbag.py:496} INFO - Filling up the DagBag from /opt/airflow/dags/assignment.py
[2022-07-10 23:07:53,696] {scheduler_job.py:643} INFO - DAG(s) dict_keys(['assignment']) retrieved from /opt/airflow/dags/assignment.py
[2022-07-10 23:07:53,855] {logging_mixin.py:104} INFO - [2022-07-10 23:07:53,855] {dag.py:1833} INFO - Sync 1 DAGs
[2022-07-10 23:07:53,978] {logging_mixin.py:104} INFO - [2022-07-10 23:07:53,978] {dag.py:2306} INFO - Setting next_dagrun for assignment to 2022-07-10 00:00:00+00:00
[2022-07-10 23:07:54,028] {scheduler_job.py:190} INFO - Processing /opt/airflow/dags/assignment.py took 0.458 seconds
[2022-07-10 23:08:24,613] {scheduler_job.py:182} INFO - Started process (PID=2557) to work on /opt/airflow/dags/assignment.py
[2022-07-10 23:08:24,619] {scheduler_job.py:633} INFO - Processing file /opt/airflow/dags/assignment.py for tasks to queue
[2022-07-10 23:08:24,624] {logging_mixin.py:104} INFO - [2022-07-10 23:08:24,623] {dagbag.py:496} INFO - Filling up the DagBag from /opt/airflow/dags/assignment.py
[2022-07-10 23:08:24,716] {scheduler_job.py:643} INFO - DAG(s) dict_keys(['assignment']) retrieved from /opt/airflow/dags/assignment.py
[2022-07-10 23:08:24,903] {logging_mixin.py:104} INFO - [2022-07-10 23:08:24,902] {dag.py:1833} INFO - Sync 1 DAGs
[2022-07-10 23:08:25,010] {logging_mixin.py:104} INFO - [2022-07-10 23:08:25,010] {dag.py:2306} INFO - Setting next_dagrun for assignment to 2022-07-10 00:00:00+00:00
[2022-07-10 23:08:25,046] {scheduler_job.py:190} INFO - Processing /opt/airflow/dags/assignment.py took 0.442 seconds
[2022-07-10 23:08:55,200] {scheduler_job.py:182} INFO - Started process (PID=2594) to work on /opt/airflow/dags/assignment.py
[2022-07-10 23:08:55,207] {scheduler_job.py:633} INFO - Processing file /opt/airflow/dags/assignment.py for tasks to queue
[2022-07-10 23:08:55,212] {logging_mixin.py:104} INFO - [2022-07-10 23:08:55,211] {dagbag.py:496} INFO - Filling up the DagBag from /opt/airflow/dags/assignment.py
[2022-07-10 23:08:55,311] {scheduler_job.py:643} INFO - DAG(s) dict_keys(['assignment']) retrieved from /opt/airflow/dags/assignment.py
[2022-07-10 23:08:55,499] {logging_mixin.py:104} INFO - [2022-07-10 23:08:55,498] {dag.py:1833} INFO - Sync 1 DAGs
[2022-07-10 23:08:55,618] {logging_mixin.py:104} INFO - [2022-07-10 23:08:55,617] {dag.py:2306} INFO - Setting next_dagrun for assignment to 2022-07-10 00:00:00+00:00
[2022-07-10 23:08:55,665] {scheduler_job.py:190} INFO - Processing /opt/airflow/dags/assignment.py took 0.478 seconds
[2022-07-10 23:09:25,922] {scheduler_job.py:182} INFO - Started process (PID=2618) to work on /opt/airflow/dags/assignment.py
[2022-07-10 23:09:25,927] {scheduler_job.py:633} INFO - Processing file /opt/airflow/dags/assignment.py for tasks to queue
[2022-07-10 23:09:25,930] {logging_mixin.py:104} INFO - [2022-07-10 23:09:25,929] {dagbag.py:496} INFO - Filling up the DagBag from /opt/airflow/dags/assignment.py
[2022-07-10 23:09:26,039] {scheduler_job.py:643} INFO - DAG(s) dict_keys(['assignment']) retrieved from /opt/airflow/dags/assignment.py
[2022-07-10 23:09:26,186] {logging_mixin.py:104} INFO - [2022-07-10 23:09:26,186] {dag.py:1833} INFO - Sync 1 DAGs
[2022-07-10 23:09:26,277] {logging_mixin.py:104} INFO - [2022-07-10 23:09:26,277] {dag.py:2306} INFO - Setting next_dagrun for assignment to 2022-07-10 00:00:00+00:00
[2022-07-10 23:09:26,313] {scheduler_job.py:190} INFO - Processing /opt/airflow/dags/assignment.py took 0.402 seconds
[2022-07-10 23:09:56,590] {scheduler_job.py:182} INFO - Started process (PID=2656) to work on /opt/airflow/dags/assignment.py
[2022-07-10 23:09:56,617] {scheduler_job.py:633} INFO - Processing file /opt/airflow/dags/assignment.py for tasks to queue
[2022-07-10 23:09:56,636] {logging_mixin.py:104} INFO - [2022-07-10 23:09:56,634] {dagbag.py:496} INFO - Filling up the DagBag from /opt/airflow/dags/assignment.py
[2022-07-10 23:09:56,945] {scheduler_job.py:643} INFO - DAG(s) dict_keys(['assignment']) retrieved from /opt/airflow/dags/assignment.py
[2022-07-10 23:09:57,915] {logging_mixin.py:104} INFO - [2022-07-10 23:09:57,908] {dag.py:1833} INFO - Sync 1 DAGs
[2022-07-10 23:09:59,337] {logging_mixin.py:104} INFO - [2022-07-10 23:09:59,329] {dag.py:2306} INFO - Setting next_dagrun for assignment to 2022-07-10 00:00:00+00:00
[2022-07-10 23:09:59,465] {scheduler_job.py:190} INFO - Processing /opt/airflow/dags/assignment.py took 2.913 seconds
[2022-07-10 23:10:29,785] {scheduler_job.py:182} INFO - Started process (PID=2680) to work on /opt/airflow/dags/assignment.py
[2022-07-10 23:10:29,792] {scheduler_job.py:633} INFO - Processing file /opt/airflow/dags/assignment.py for tasks to queue
[2022-07-10 23:10:29,797] {logging_mixin.py:104} INFO - [2022-07-10 23:10:29,796] {dagbag.py:496} INFO - Filling up the DagBag from /opt/airflow/dags/assignment.py
[2022-07-10 23:10:29,892] {scheduler_job.py:643} INFO - DAG(s) dict_keys(['assignment']) retrieved from /opt/airflow/dags/assignment.py
[2022-07-10 23:10:30,173] {logging_mixin.py:104} INFO - [2022-07-10 23:10:30,172] {dag.py:1833} INFO - Sync 1 DAGs
[2022-07-10 23:10:30,304] {logging_mixin.py:104} INFO - [2022-07-10 23:10:30,303] {dag.py:2306} INFO - Setting next_dagrun for assignment to 2022-07-10 00:00:00+00:00
[2022-07-10 23:10:30,348] {scheduler_job.py:190} INFO - Processing /opt/airflow/dags/assignment.py took 0.574 seconds
[2022-07-10 23:11:00,597] {scheduler_job.py:182} INFO - Started process (PID=2720) to work on /opt/airflow/dags/assignment.py
[2022-07-10 23:11:00,605] {scheduler_job.py:633} INFO - Processing file /opt/airflow/dags/assignment.py for tasks to queue
[2022-07-10 23:11:00,611] {logging_mixin.py:104} INFO - [2022-07-10 23:11:00,610] {dagbag.py:496} INFO - Filling up the DagBag from /opt/airflow/dags/assignment.py
[2022-07-10 23:11:00,735] {scheduler_job.py:643} INFO - DAG(s) dict_keys(['assignment']) retrieved from /opt/airflow/dags/assignment.py
[2022-07-10 23:11:00,941] {logging_mixin.py:104} INFO - [2022-07-10 23:11:00,941] {dag.py:1833} INFO - Sync 1 DAGs
[2022-07-10 23:11:01,091] {logging_mixin.py:104} INFO - [2022-07-10 23:11:01,089] {dag.py:2306} INFO - Setting next_dagrun for assignment to 2022-07-10 00:00:00+00:00
[2022-07-10 23:11:01,151] {scheduler_job.py:190} INFO - Processing /opt/airflow/dags/assignment.py took 0.564 seconds
[2022-07-10 23:11:31,605] {scheduler_job.py:182} INFO - Started process (PID=2741) to work on /opt/airflow/dags/assignment.py
[2022-07-10 23:11:31,610] {scheduler_job.py:633} INFO - Processing file /opt/airflow/dags/assignment.py for tasks to queue
[2022-07-10 23:11:31,614] {logging_mixin.py:104} INFO - [2022-07-10 23:11:31,613] {dagbag.py:496} INFO - Filling up the DagBag from /opt/airflow/dags/assignment.py
[2022-07-10 23:11:31,706] {scheduler_job.py:643} INFO - DAG(s) dict_keys(['assignment']) retrieved from /opt/airflow/dags/assignment.py
[2022-07-10 23:11:31,852] {logging_mixin.py:104} INFO - [2022-07-10 23:11:31,851] {dag.py:1833} INFO - Sync 1 DAGs
[2022-07-10 23:11:31,996] {logging_mixin.py:104} INFO - [2022-07-10 23:11:31,995] {dag.py:2306} INFO - Setting next_dagrun for assignment to 2022-07-10 00:00:00+00:00
[2022-07-10 23:11:32,045] {scheduler_job.py:190} INFO - Processing /opt/airflow/dags/assignment.py took 0.449 seconds
[2022-07-10 23:12:02,245] {scheduler_job.py:182} INFO - Started process (PID=2781) to work on /opt/airflow/dags/assignment.py
[2022-07-10 23:12:02,253] {scheduler_job.py:633} INFO - Processing file /opt/airflow/dags/assignment.py for tasks to queue
[2022-07-10 23:12:02,260] {logging_mixin.py:104} INFO - [2022-07-10 23:12:02,259] {dagbag.py:496} INFO - Filling up the DagBag from /opt/airflow/dags/assignment.py
[2022-07-10 23:12:02,368] {scheduler_job.py:643} INFO - DAG(s) dict_keys(['assignment']) retrieved from /opt/airflow/dags/assignment.py
[2022-07-10 23:12:02,547] {logging_mixin.py:104} INFO - [2022-07-10 23:12:02,546] {dag.py:1833} INFO - Sync 1 DAGs
[2022-07-10 23:12:02,676] {logging_mixin.py:104} INFO - [2022-07-10 23:12:02,676] {dag.py:2306} INFO - Setting next_dagrun for assignment to 2022-07-10 00:00:00+00:00
[2022-07-10 23:12:02,719] {scheduler_job.py:190} INFO - Processing /opt/airflow/dags/assignment.py took 0.483 seconds
[2022-07-10 23:12:32,983] {scheduler_job.py:182} INFO - Started process (PID=2811) to work on /opt/airflow/dags/assignment.py
[2022-07-10 23:12:32,990] {scheduler_job.py:633} INFO - Processing file /opt/airflow/dags/assignment.py for tasks to queue
[2022-07-10 23:12:32,995] {logging_mixin.py:104} INFO - [2022-07-10 23:12:32,994] {dagbag.py:496} INFO - Filling up the DagBag from /opt/airflow/dags/assignment.py
[2022-07-10 23:12:33,081] {scheduler_job.py:643} INFO - DAG(s) dict_keys(['assignment']) retrieved from /opt/airflow/dags/assignment.py
[2022-07-10 23:12:33,241] {logging_mixin.py:104} INFO - [2022-07-10 23:12:33,241] {dag.py:1833} INFO - Sync 1 DAGs
[2022-07-10 23:12:33,349] {logging_mixin.py:104} INFO - [2022-07-10 23:12:33,349] {dag.py:2306} INFO - Setting next_dagrun for assignment to 2022-07-10 00:00:00+00:00
[2022-07-10 23:12:33,387] {scheduler_job.py:190} INFO - Processing /opt/airflow/dags/assignment.py took 0.412 seconds
[2022-07-10 23:13:03,625] {scheduler_job.py:182} INFO - Started process (PID=2841) to work on /opt/airflow/dags/assignment.py
[2022-07-10 23:13:03,630] {scheduler_job.py:633} INFO - Processing file /opt/airflow/dags/assignment.py for tasks to queue
[2022-07-10 23:13:03,633] {logging_mixin.py:104} INFO - [2022-07-10 23:13:03,633] {dagbag.py:496} INFO - Filling up the DagBag from /opt/airflow/dags/assignment.py
[2022-07-10 23:13:03,717] {scheduler_job.py:643} INFO - DAG(s) dict_keys(['assignment']) retrieved from /opt/airflow/dags/assignment.py
[2022-07-10 23:13:03,883] {logging_mixin.py:104} INFO - [2022-07-10 23:13:03,882] {dag.py:1833} INFO - Sync 1 DAGs
[2022-07-10 23:13:03,965] {logging_mixin.py:104} INFO - [2022-07-10 23:13:03,964] {dag.py:2306} INFO - Setting next_dagrun for assignment to 2022-07-10 00:00:00+00:00
[2022-07-10 23:13:03,998] {scheduler_job.py:190} INFO - Processing /opt/airflow/dags/assignment.py took 0.381 seconds
[2022-07-10 23:13:34,123] {scheduler_job.py:182} INFO - Started process (PID=2872) to work on /opt/airflow/dags/assignment.py
[2022-07-10 23:13:34,129] {scheduler_job.py:633} INFO - Processing file /opt/airflow/dags/assignment.py for tasks to queue
[2022-07-10 23:13:34,133] {logging_mixin.py:104} INFO - [2022-07-10 23:13:34,133] {dagbag.py:496} INFO - Filling up the DagBag from /opt/airflow/dags/assignment.py
[2022-07-10 23:13:34,223] {scheduler_job.py:643} INFO - DAG(s) dict_keys(['assignment']) retrieved from /opt/airflow/dags/assignment.py
[2022-07-10 23:13:34,430] {logging_mixin.py:104} INFO - [2022-07-10 23:13:34,430] {dag.py:1833} INFO - Sync 1 DAGs
[2022-07-10 23:13:34,534] {logging_mixin.py:104} INFO - [2022-07-10 23:13:34,533] {dag.py:2306} INFO - Setting next_dagrun for assignment to 2022-07-10 00:00:00+00:00
[2022-07-10 23:13:34,577] {scheduler_job.py:190} INFO - Processing /opt/airflow/dags/assignment.py took 0.464 seconds
[2022-07-10 23:14:04,693] {scheduler_job.py:182} INFO - Started process (PID=2902) to work on /opt/airflow/dags/assignment.py
[2022-07-10 23:14:04,699] {scheduler_job.py:633} INFO - Processing file /opt/airflow/dags/assignment.py for tasks to queue
[2022-07-10 23:14:04,702] {logging_mixin.py:104} INFO - [2022-07-10 23:14:04,702] {dagbag.py:496} INFO - Filling up the DagBag from /opt/airflow/dags/assignment.py
[2022-07-10 23:14:04,776] {scheduler_job.py:643} INFO - DAG(s) dict_keys(['assignment']) retrieved from /opt/airflow/dags/assignment.py
[2022-07-10 23:14:04,900] {logging_mixin.py:104} INFO - [2022-07-10 23:14:04,899] {dag.py:1833} INFO - Sync 1 DAGs
[2022-07-10 23:14:05,000] {logging_mixin.py:104} INFO - [2022-07-10 23:14:04,999] {dag.py:2306} INFO - Setting next_dagrun for assignment to 2022-07-10 00:00:00+00:00
[2022-07-10 23:14:05,031] {scheduler_job.py:190} INFO - Processing /opt/airflow/dags/assignment.py took 0.349 seconds
[2022-07-10 23:14:35,221] {scheduler_job.py:182} INFO - Started process (PID=2939) to work on /opt/airflow/dags/assignment.py
[2022-07-10 23:14:35,230] {scheduler_job.py:633} INFO - Processing file /opt/airflow/dags/assignment.py for tasks to queue
[2022-07-10 23:14:35,236] {logging_mixin.py:104} INFO - [2022-07-10 23:14:35,235] {dagbag.py:496} INFO - Filling up the DagBag from /opt/airflow/dags/assignment.py
[2022-07-10 23:14:35,337] {scheduler_job.py:643} INFO - DAG(s) dict_keys(['assignment']) retrieved from /opt/airflow/dags/assignment.py
[2022-07-10 23:14:35,527] {logging_mixin.py:104} INFO - [2022-07-10 23:14:35,526] {dag.py:1833} INFO - Sync 1 DAGs
[2022-07-10 23:14:35,655] {logging_mixin.py:104} INFO - [2022-07-10 23:14:35,654] {dag.py:2306} INFO - Setting next_dagrun for assignment to 2022-07-10 00:00:00+00:00
[2022-07-10 23:14:35,718] {scheduler_job.py:190} INFO - Processing /opt/airflow/dags/assignment.py took 0.506 seconds
[2022-07-10 23:15:06,038] {scheduler_job.py:182} INFO - Started process (PID=2963) to work on /opt/airflow/dags/assignment.py
[2022-07-10 23:15:06,043] {scheduler_job.py:633} INFO - Processing file /opt/airflow/dags/assignment.py for tasks to queue
[2022-07-10 23:15:06,045] {logging_mixin.py:104} INFO - [2022-07-10 23:15:06,045] {dagbag.py:496} INFO - Filling up the DagBag from /opt/airflow/dags/assignment.py
[2022-07-10 23:15:06,117] {scheduler_job.py:643} INFO - DAG(s) dict_keys(['assignment']) retrieved from /opt/airflow/dags/assignment.py
[2022-07-10 23:15:06,247] {logging_mixin.py:104} INFO - [2022-07-10 23:15:06,247] {dag.py:1833} INFO - Sync 1 DAGs
[2022-07-10 23:15:06,327] {logging_mixin.py:104} INFO - [2022-07-10 23:15:06,326] {dag.py:2306} INFO - Setting next_dagrun for assignment to 2022-07-10 00:00:00+00:00
[2022-07-10 23:15:06,362] {scheduler_job.py:190} INFO - Processing /opt/airflow/dags/assignment.py took 0.333 seconds
[2022-07-10 23:15:36,446] {scheduler_job.py:182} INFO - Started process (PID=3000) to work on /opt/airflow/dags/assignment.py
[2022-07-10 23:15:36,453] {scheduler_job.py:633} INFO - Processing file /opt/airflow/dags/assignment.py for tasks to queue
[2022-07-10 23:15:36,460] {logging_mixin.py:104} INFO - [2022-07-10 23:15:36,460] {dagbag.py:496} INFO - Filling up the DagBag from /opt/airflow/dags/assignment.py
[2022-07-10 23:15:36,575] {scheduler_job.py:643} INFO - DAG(s) dict_keys(['assignment']) retrieved from /opt/airflow/dags/assignment.py
[2022-07-10 23:15:36,782] {logging_mixin.py:104} INFO - [2022-07-10 23:15:36,781] {dag.py:1833} INFO - Sync 1 DAGs
[2022-07-10 23:15:36,940] {logging_mixin.py:104} INFO - [2022-07-10 23:15:36,939] {dag.py:2306} INFO - Setting next_dagrun for assignment to 2022-07-10 00:00:00+00:00
[2022-07-10 23:15:36,995] {scheduler_job.py:190} INFO - Processing /opt/airflow/dags/assignment.py took 0.557 seconds
[2022-07-10 23:16:07,291] {scheduler_job.py:182} INFO - Started process (PID=3024) to work on /opt/airflow/dags/assignment.py
[2022-07-10 23:16:07,298] {scheduler_job.py:633} INFO - Processing file /opt/airflow/dags/assignment.py for tasks to queue
[2022-07-10 23:16:07,305] {logging_mixin.py:104} INFO - [2022-07-10 23:16:07,304] {dagbag.py:496} INFO - Filling up the DagBag from /opt/airflow/dags/assignment.py
[2022-07-10 23:16:07,387] {scheduler_job.py:643} INFO - DAG(s) dict_keys(['assignment']) retrieved from /opt/airflow/dags/assignment.py
[2022-07-10 23:16:07,526] {logging_mixin.py:104} INFO - [2022-07-10 23:16:07,526] {dag.py:1833} INFO - Sync 1 DAGs
[2022-07-10 23:16:07,622] {logging_mixin.py:104} INFO - [2022-07-10 23:16:07,622] {dag.py:2306} INFO - Setting next_dagrun for assignment to 2022-07-10 00:00:00+00:00
[2022-07-10 23:16:07,659] {scheduler_job.py:190} INFO - Processing /opt/airflow/dags/assignment.py took 0.376 seconds
[2022-07-10 23:16:37,901] {scheduler_job.py:182} INFO - Started process (PID=3061) to work on /opt/airflow/dags/assignment.py
[2022-07-10 23:16:37,908] {scheduler_job.py:633} INFO - Processing file /opt/airflow/dags/assignment.py for tasks to queue
[2022-07-10 23:16:37,913] {logging_mixin.py:104} INFO - [2022-07-10 23:16:37,913] {dagbag.py:496} INFO - Filling up the DagBag from /opt/airflow/dags/assignment.py
[2022-07-10 23:16:38,012] {scheduler_job.py:643} INFO - DAG(s) dict_keys(['assignment']) retrieved from /opt/airflow/dags/assignment.py
[2022-07-10 23:16:38,177] {logging_mixin.py:104} INFO - [2022-07-10 23:16:38,177] {dag.py:1833} INFO - Sync 1 DAGs
[2022-07-10 23:16:38,289] {logging_mixin.py:104} INFO - [2022-07-10 23:16:38,288] {dag.py:2306} INFO - Setting next_dagrun for assignment to 2022-07-10 00:00:00+00:00
[2022-07-10 23:16:38,335] {scheduler_job.py:190} INFO - Processing /opt/airflow/dags/assignment.py took 0.444 seconds
[2022-07-10 23:17:08,597] {scheduler_job.py:182} INFO - Started process (PID=3085) to work on /opt/airflow/dags/assignment.py
[2022-07-10 23:17:08,603] {scheduler_job.py:633} INFO - Processing file /opt/airflow/dags/assignment.py for tasks to queue
[2022-07-10 23:17:08,607] {logging_mixin.py:104} INFO - [2022-07-10 23:17:08,607] {dagbag.py:496} INFO - Filling up the DagBag from /opt/airflow/dags/assignment.py
[2022-07-10 23:17:08,707] {scheduler_job.py:643} INFO - DAG(s) dict_keys(['assignment']) retrieved from /opt/airflow/dags/assignment.py
[2022-07-10 23:17:08,865] {logging_mixin.py:104} INFO - [2022-07-10 23:17:08,865] {dag.py:1833} INFO - Sync 1 DAGs
[2022-07-10 23:17:09,000] {logging_mixin.py:104} INFO - [2022-07-10 23:17:08,999] {dag.py:2306} INFO - Setting next_dagrun for assignment to 2022-07-10 00:00:00+00:00
[2022-07-10 23:17:09,042] {scheduler_job.py:190} INFO - Processing /opt/airflow/dags/assignment.py took 0.456 seconds
[2022-07-10 23:17:39,304] {scheduler_job.py:182} INFO - Started process (PID=3125) to work on /opt/airflow/dags/assignment.py
[2022-07-10 23:17:39,311] {scheduler_job.py:633} INFO - Processing file /opt/airflow/dags/assignment.py for tasks to queue
[2022-07-10 23:17:39,315] {logging_mixin.py:104} INFO - [2022-07-10 23:17:39,315] {dagbag.py:496} INFO - Filling up the DagBag from /opt/airflow/dags/assignment.py
[2022-07-10 23:17:39,430] {scheduler_job.py:643} INFO - DAG(s) dict_keys(['assignment']) retrieved from /opt/airflow/dags/assignment.py
[2022-07-10 23:17:39,644] {logging_mixin.py:104} INFO - [2022-07-10 23:17:39,643] {dag.py:1833} INFO - Sync 1 DAGs
[2022-07-10 23:17:39,815] {logging_mixin.py:104} INFO - [2022-07-10 23:17:39,814] {dag.py:2306} INFO - Setting next_dagrun for assignment to 2022-07-10 00:00:00+00:00
[2022-07-10 23:17:39,882] {scheduler_job.py:190} INFO - Processing /opt/airflow/dags/assignment.py took 0.590 seconds
[2022-07-10 23:18:10,463] {scheduler_job.py:182} INFO - Started process (PID=3146) to work on /opt/airflow/dags/assignment.py
[2022-07-10 23:18:10,471] {scheduler_job.py:633} INFO - Processing file /opt/airflow/dags/assignment.py for tasks to queue
[2022-07-10 23:18:10,477] {logging_mixin.py:104} INFO - [2022-07-10 23:18:10,476] {dagbag.py:496} INFO - Filling up the DagBag from /opt/airflow/dags/assignment.py
[2022-07-10 23:18:10,593] {scheduler_job.py:643} INFO - DAG(s) dict_keys(['assignment']) retrieved from /opt/airflow/dags/assignment.py
[2022-07-10 23:18:10,830] {logging_mixin.py:104} INFO - [2022-07-10 23:18:10,829] {dag.py:1833} INFO - Sync 1 DAGs
[2022-07-10 23:18:10,949] {logging_mixin.py:104} INFO - [2022-07-10 23:18:10,948] {dag.py:2306} INFO - Setting next_dagrun for assignment to 2022-07-10 00:00:00+00:00
[2022-07-10 23:18:10,996] {scheduler_job.py:190} INFO - Processing /opt/airflow/dags/assignment.py took 0.546 seconds
[2022-07-10 23:18:41,274] {scheduler_job.py:182} INFO - Started process (PID=3186) to work on /opt/airflow/dags/assignment.py
[2022-07-10 23:18:41,281] {scheduler_job.py:633} INFO - Processing file /opt/airflow/dags/assignment.py for tasks to queue
[2022-07-10 23:18:41,286] {logging_mixin.py:104} INFO - [2022-07-10 23:18:41,285] {dagbag.py:496} INFO - Filling up the DagBag from /opt/airflow/dags/assignment.py
[2022-07-10 23:18:41,401] {scheduler_job.py:643} INFO - DAG(s) dict_keys(['assignment']) retrieved from /opt/airflow/dags/assignment.py
[2022-07-10 23:18:41,580] {logging_mixin.py:104} INFO - [2022-07-10 23:18:41,580] {dag.py:1833} INFO - Sync 1 DAGs
[2022-07-10 23:18:41,701] {logging_mixin.py:104} INFO - [2022-07-10 23:18:41,700] {dag.py:2306} INFO - Setting next_dagrun for assignment to 2022-07-10 00:00:00+00:00
[2022-07-10 23:18:41,746] {scheduler_job.py:190} INFO - Processing /opt/airflow/dags/assignment.py took 0.482 seconds
[2022-07-10 23:19:12,025] {scheduler_job.py:182} INFO - Started process (PID=3207) to work on /opt/airflow/dags/assignment.py
[2022-07-10 23:19:12,031] {scheduler_job.py:633} INFO - Processing file /opt/airflow/dags/assignment.py for tasks to queue
[2022-07-10 23:19:12,034] {logging_mixin.py:104} INFO - [2022-07-10 23:19:12,033] {dagbag.py:496} INFO - Filling up the DagBag from /opt/airflow/dags/assignment.py
[2022-07-10 23:19:12,116] {scheduler_job.py:643} INFO - DAG(s) dict_keys(['assignment']) retrieved from /opt/airflow/dags/assignment.py
[2022-07-10 23:19:12,270] {logging_mixin.py:104} INFO - [2022-07-10 23:19:12,270] {dag.py:1833} INFO - Sync 1 DAGs
[2022-07-10 23:19:12,360] {logging_mixin.py:104} INFO - [2022-07-10 23:19:12,360] {dag.py:2306} INFO - Setting next_dagrun for assignment to 2022-07-10 00:00:00+00:00
[2022-07-10 23:19:12,400] {scheduler_job.py:190} INFO - Processing /opt/airflow/dags/assignment.py took 0.383 seconds
[2022-07-10 23:19:42,666] {scheduler_job.py:182} INFO - Started process (PID=3247) to work on /opt/airflow/dags/assignment.py
[2022-07-10 23:19:42,675] {scheduler_job.py:633} INFO - Processing file /opt/airflow/dags/assignment.py for tasks to queue
[2022-07-10 23:19:42,681] {logging_mixin.py:104} INFO - [2022-07-10 23:19:42,681] {dagbag.py:496} INFO - Filling up the DagBag from /opt/airflow/dags/assignment.py
[2022-07-10 23:19:42,851] {scheduler_job.py:643} INFO - DAG(s) dict_keys(['assignment']) retrieved from /opt/airflow/dags/assignment.py
[2022-07-10 23:19:43,089] {logging_mixin.py:104} INFO - [2022-07-10 23:19:43,089] {dag.py:1833} INFO - Sync 1 DAGs
[2022-07-10 23:19:43,224] {logging_mixin.py:104} INFO - [2022-07-10 23:19:43,223] {dag.py:2306} INFO - Setting next_dagrun for assignment to 2022-07-10 00:00:00+00:00
[2022-07-10 23:19:43,264] {scheduler_job.py:190} INFO - Processing /opt/airflow/dags/assignment.py took 0.609 seconds
[2022-07-10 23:20:13,560] {scheduler_job.py:182} INFO - Started process (PID=3278) to work on /opt/airflow/dags/assignment.py
[2022-07-10 23:20:13,569] {scheduler_job.py:633} INFO - Processing file /opt/airflow/dags/assignment.py for tasks to queue
[2022-07-10 23:20:13,574] {logging_mixin.py:104} INFO - [2022-07-10 23:20:13,573] {dagbag.py:496} INFO - Filling up the DagBag from /opt/airflow/dags/assignment.py
[2022-07-10 23:20:13,679] {scheduler_job.py:643} INFO - DAG(s) dict_keys(['assignment']) retrieved from /opt/airflow/dags/assignment.py
[2022-07-10 23:20:13,859] {logging_mixin.py:104} INFO - [2022-07-10 23:20:13,858] {dag.py:1833} INFO - Sync 1 DAGs
[2022-07-10 23:20:13,961] {logging_mixin.py:104} INFO - [2022-07-10 23:20:13,960] {dag.py:2306} INFO - Setting next_dagrun for assignment to 2022-07-10 00:00:00+00:00
[2022-07-10 23:20:14,003] {scheduler_job.py:190} INFO - Processing /opt/airflow/dags/assignment.py took 0.452 seconds
[2022-07-10 23:20:44,469] {scheduler_job.py:182} INFO - Started process (PID=3308) to work on /opt/airflow/dags/assignment.py
[2022-07-10 23:20:44,474] {scheduler_job.py:633} INFO - Processing file /opt/airflow/dags/assignment.py for tasks to queue
[2022-07-10 23:20:44,479] {logging_mixin.py:104} INFO - [2022-07-10 23:20:44,479] {dagbag.py:496} INFO - Filling up the DagBag from /opt/airflow/dags/assignment.py
[2022-07-10 23:20:44,563] {scheduler_job.py:643} INFO - DAG(s) dict_keys(['assignment']) retrieved from /opt/airflow/dags/assignment.py
[2022-07-10 23:20:44,697] {logging_mixin.py:104} INFO - [2022-07-10 23:20:44,696] {dag.py:1833} INFO - Sync 1 DAGs
[2022-07-10 23:20:44,785] {logging_mixin.py:104} INFO - [2022-07-10 23:20:44,785] {dag.py:2306} INFO - Setting next_dagrun for assignment to 2022-07-10 00:00:00+00:00
[2022-07-10 23:20:44,821] {scheduler_job.py:190} INFO - Processing /opt/airflow/dags/assignment.py took 0.362 seconds
[2022-07-10 23:21:14,924] {scheduler_job.py:182} INFO - Started process (PID=3344) to work on /opt/airflow/dags/assignment.py
[2022-07-10 23:21:14,934] {scheduler_job.py:633} INFO - Processing file /opt/airflow/dags/assignment.py for tasks to queue
[2022-07-10 23:21:14,946] {logging_mixin.py:104} INFO - [2022-07-10 23:21:14,945] {dagbag.py:496} INFO - Filling up the DagBag from /opt/airflow/dags/assignment.py
[2022-07-10 23:21:15,090] {scheduler_job.py:643} INFO - DAG(s) dict_keys(['assignment']) retrieved from /opt/airflow/dags/assignment.py
[2022-07-10 23:21:15,279] {logging_mixin.py:104} INFO - [2022-07-10 23:21:15,278] {dag.py:1833} INFO - Sync 1 DAGs
[2022-07-10 23:21:15,468] {logging_mixin.py:104} INFO - [2022-07-10 23:21:15,464] {dag.py:2306} INFO - Setting next_dagrun for assignment to 2022-07-10 00:00:00+00:00
[2022-07-10 23:21:15,548] {scheduler_job.py:190} INFO - Processing /opt/airflow/dags/assignment.py took 0.639 seconds
[2022-07-10 23:21:45,844] {scheduler_job.py:182} INFO - Started process (PID=3369) to work on /opt/airflow/dags/assignment.py
[2022-07-10 23:21:45,849] {scheduler_job.py:633} INFO - Processing file /opt/airflow/dags/assignment.py for tasks to queue
[2022-07-10 23:21:45,851] {logging_mixin.py:104} INFO - [2022-07-10 23:21:45,851] {dagbag.py:496} INFO - Filling up the DagBag from /opt/airflow/dags/assignment.py
[2022-07-10 23:21:45,924] {scheduler_job.py:643} INFO - DAG(s) dict_keys(['assignment']) retrieved from /opt/airflow/dags/assignment.py
[2022-07-10 23:21:46,055] {logging_mixin.py:104} INFO - [2022-07-10 23:21:46,055] {dag.py:1833} INFO - Sync 1 DAGs
[2022-07-10 23:21:46,140] {logging_mixin.py:104} INFO - [2022-07-10 23:21:46,140] {dag.py:2306} INFO - Setting next_dagrun for assignment to 2022-07-10 00:00:00+00:00
[2022-07-10 23:21:46,172] {scheduler_job.py:190} INFO - Processing /opt/airflow/dags/assignment.py took 0.339 seconds
[2022-07-10 23:22:16,299] {scheduler_job.py:182} INFO - Started process (PID=3407) to work on /opt/airflow/dags/assignment.py
[2022-07-10 23:22:16,310] {scheduler_job.py:633} INFO - Processing file /opt/airflow/dags/assignment.py for tasks to queue
[2022-07-10 23:22:16,315] {logging_mixin.py:104} INFO - [2022-07-10 23:22:16,314] {dagbag.py:496} INFO - Filling up the DagBag from /opt/airflow/dags/assignment.py
[2022-07-10 23:22:16,424] {scheduler_job.py:643} INFO - DAG(s) dict_keys(['assignment']) retrieved from /opt/airflow/dags/assignment.py
[2022-07-10 23:22:16,639] {logging_mixin.py:104} INFO - [2022-07-10 23:22:16,638] {dag.py:1833} INFO - Sync 1 DAGs
[2022-07-10 23:22:16,741] {logging_mixin.py:104} INFO - [2022-07-10 23:22:16,740] {dag.py:2306} INFO - Setting next_dagrun for assignment to 2022-07-10 00:00:00+00:00
[2022-07-10 23:22:16,784] {scheduler_job.py:190} INFO - Processing /opt/airflow/dags/assignment.py took 0.496 seconds
[2022-07-10 23:22:46,929] {scheduler_job.py:182} INFO - Started process (PID=3431) to work on /opt/airflow/dags/assignment.py
[2022-07-10 23:22:46,935] {scheduler_job.py:633} INFO - Processing file /opt/airflow/dags/assignment.py for tasks to queue
[2022-07-10 23:22:46,939] {logging_mixin.py:104} INFO - [2022-07-10 23:22:46,938] {dagbag.py:496} INFO - Filling up the DagBag from /opt/airflow/dags/assignment.py
[2022-07-10 23:22:47,010] {scheduler_job.py:643} INFO - DAG(s) dict_keys(['assignment']) retrieved from /opt/airflow/dags/assignment.py
[2022-07-10 23:22:47,140] {logging_mixin.py:104} INFO - [2022-07-10 23:22:47,140] {dag.py:1833} INFO - Sync 1 DAGs
[2022-07-10 23:22:47,234] {logging_mixin.py:104} INFO - [2022-07-10 23:22:47,233] {dag.py:2306} INFO - Setting next_dagrun for assignment to 2022-07-10 00:00:00+00:00
[2022-07-10 23:22:47,267] {scheduler_job.py:190} INFO - Processing /opt/airflow/dags/assignment.py took 0.354 seconds
[2022-07-10 23:23:17,547] {scheduler_job.py:182} INFO - Started process (PID=3469) to work on /opt/airflow/dags/assignment.py
[2022-07-10 23:23:17,552] {scheduler_job.py:633} INFO - Processing file /opt/airflow/dags/assignment.py for tasks to queue
[2022-07-10 23:23:17,556] {logging_mixin.py:104} INFO - [2022-07-10 23:23:17,555] {dagbag.py:496} INFO - Filling up the DagBag from /opt/airflow/dags/assignment.py
[2022-07-10 23:23:17,646] {scheduler_job.py:643} INFO - DAG(s) dict_keys(['assignment']) retrieved from /opt/airflow/dags/assignment.py
[2022-07-10 23:23:17,819] {logging_mixin.py:104} INFO - [2022-07-10 23:23:17,819] {dag.py:1833} INFO - Sync 1 DAGs
[2022-07-10 23:23:17,929] {logging_mixin.py:104} INFO - [2022-07-10 23:23:17,928] {dag.py:2306} INFO - Setting next_dagrun for assignment to 2022-07-10 00:00:00+00:00
[2022-07-10 23:23:17,971] {scheduler_job.py:190} INFO - Processing /opt/airflow/dags/assignment.py took 0.433 seconds
[2022-07-10 23:23:48,043] {scheduler_job.py:182} INFO - Started process (PID=3493) to work on /opt/airflow/dags/assignment.py
[2022-07-10 23:23:48,048] {scheduler_job.py:633} INFO - Processing file /opt/airflow/dags/assignment.py for tasks to queue
[2022-07-10 23:23:48,051] {logging_mixin.py:104} INFO - [2022-07-10 23:23:48,050] {dagbag.py:496} INFO - Filling up the DagBag from /opt/airflow/dags/assignment.py
[2022-07-10 23:23:48,122] {scheduler_job.py:643} INFO - DAG(s) dict_keys(['assignment']) retrieved from /opt/airflow/dags/assignment.py
[2022-07-10 23:23:48,254] {logging_mixin.py:104} INFO - [2022-07-10 23:23:48,254] {dag.py:1833} INFO - Sync 1 DAGs
[2022-07-10 23:23:48,333] {logging_mixin.py:104} INFO - [2022-07-10 23:23:48,333] {dag.py:2306} INFO - Setting next_dagrun for assignment to 2022-07-10 00:00:00+00:00
[2022-07-10 23:23:48,364] {scheduler_job.py:190} INFO - Processing /opt/airflow/dags/assignment.py took 0.333 seconds
[2022-07-10 23:24:18,715] {scheduler_job.py:182} INFO - Started process (PID=3532) to work on /opt/airflow/dags/assignment.py
[2022-07-10 23:24:18,726] {scheduler_job.py:633} INFO - Processing file /opt/airflow/dags/assignment.py for tasks to queue
[2022-07-10 23:24:18,733] {logging_mixin.py:104} INFO - [2022-07-10 23:24:18,733] {dagbag.py:496} INFO - Filling up the DagBag from /opt/airflow/dags/assignment.py
[2022-07-10 23:24:18,859] {scheduler_job.py:643} INFO - DAG(s) dict_keys(['assignment']) retrieved from /opt/airflow/dags/assignment.py
[2022-07-10 23:24:19,050] {logging_mixin.py:104} INFO - [2022-07-10 23:24:19,050] {dag.py:1833} INFO - Sync 1 DAGs
[2022-07-10 23:24:19,161] {logging_mixin.py:104} INFO - [2022-07-10 23:24:19,161] {dag.py:2306} INFO - Setting next_dagrun for assignment to 2022-07-10 00:00:00+00:00
[2022-07-10 23:24:19,208] {scheduler_job.py:190} INFO - Processing /opt/airflow/dags/assignment.py took 0.511 seconds
[2022-07-10 23:24:49,525] {scheduler_job.py:182} INFO - Started process (PID=3553) to work on /opt/airflow/dags/assignment.py
[2022-07-10 23:24:49,536] {scheduler_job.py:633} INFO - Processing file /opt/airflow/dags/assignment.py for tasks to queue
[2022-07-10 23:24:49,540] {logging_mixin.py:104} INFO - [2022-07-10 23:24:49,540] {dagbag.py:496} INFO - Filling up the DagBag from /opt/airflow/dags/assignment.py
[2022-07-10 23:24:49,629] {scheduler_job.py:643} INFO - DAG(s) dict_keys(['assignment']) retrieved from /opt/airflow/dags/assignment.py
[2022-07-10 23:24:49,785] {logging_mixin.py:104} INFO - [2022-07-10 23:24:49,784] {dag.py:1833} INFO - Sync 1 DAGs
[2022-07-10 23:24:49,900] {logging_mixin.py:104} INFO - [2022-07-10 23:24:49,899] {dag.py:2306} INFO - Setting next_dagrun for assignment to 2022-07-10 00:00:00+00:00
[2022-07-10 23:24:49,978] {scheduler_job.py:190} INFO - Processing /opt/airflow/dags/assignment.py took 0.463 seconds
[2022-07-10 23:25:20,475] {scheduler_job.py:182} INFO - Started process (PID=3593) to work on /opt/airflow/dags/assignment.py
[2022-07-10 23:25:20,483] {scheduler_job.py:633} INFO - Processing file /opt/airflow/dags/assignment.py for tasks to queue
[2022-07-10 23:25:20,488] {logging_mixin.py:104} INFO - [2022-07-10 23:25:20,488] {dagbag.py:496} INFO - Filling up the DagBag from /opt/airflow/dags/assignment.py
[2022-07-10 23:25:20,585] {scheduler_job.py:643} INFO - DAG(s) dict_keys(['assignment']) retrieved from /opt/airflow/dags/assignment.py
[2022-07-10 23:25:20,766] {logging_mixin.py:104} INFO - [2022-07-10 23:25:20,766] {dag.py:1833} INFO - Sync 1 DAGs
[2022-07-10 23:25:20,877] {logging_mixin.py:104} INFO - [2022-07-10 23:25:20,876] {dag.py:2306} INFO - Setting next_dagrun for assignment to 2022-07-10 00:00:00+00:00
[2022-07-10 23:25:20,918] {scheduler_job.py:190} INFO - Processing /opt/airflow/dags/assignment.py took 0.453 seconds
[2022-07-10 23:25:51,122] {scheduler_job.py:182} INFO - Started process (PID=3614) to work on /opt/airflow/dags/assignment.py
[2022-07-10 23:25:51,127] {scheduler_job.py:633} INFO - Processing file /opt/airflow/dags/assignment.py for tasks to queue
[2022-07-10 23:25:51,130] {logging_mixin.py:104} INFO - [2022-07-10 23:25:51,130] {dagbag.py:496} INFO - Filling up the DagBag from /opt/airflow/dags/assignment.py
[2022-07-10 23:25:51,209] {scheduler_job.py:643} INFO - DAG(s) dict_keys(['assignment']) retrieved from /opt/airflow/dags/assignment.py
[2022-07-10 23:25:51,371] {logging_mixin.py:104} INFO - [2022-07-10 23:25:51,370] {dag.py:1833} INFO - Sync 1 DAGs
[2022-07-10 23:25:51,463] {logging_mixin.py:104} INFO - [2022-07-10 23:25:51,463] {dag.py:2306} INFO - Setting next_dagrun for assignment to 2022-07-10 00:00:00+00:00
[2022-07-10 23:25:51,501] {scheduler_job.py:190} INFO - Processing /opt/airflow/dags/assignment.py took 0.388 seconds
[2022-07-10 23:26:21,629] {scheduler_job.py:182} INFO - Started process (PID=3653) to work on /opt/airflow/dags/assignment.py
[2022-07-10 23:26:21,639] {scheduler_job.py:633} INFO - Processing file /opt/airflow/dags/assignment.py for tasks to queue
[2022-07-10 23:26:21,644] {logging_mixin.py:104} INFO - [2022-07-10 23:26:21,643] {dagbag.py:496} INFO - Filling up the DagBag from /opt/airflow/dags/assignment.py
[2022-07-10 23:26:21,770] {scheduler_job.py:643} INFO - DAG(s) dict_keys(['assignment']) retrieved from /opt/airflow/dags/assignment.py
[2022-07-10 23:26:22,002] {logging_mixin.py:104} INFO - [2022-07-10 23:26:22,001] {dag.py:1833} INFO - Sync 1 DAGs
[2022-07-10 23:26:22,116] {logging_mixin.py:104} INFO - [2022-07-10 23:26:22,116] {dag.py:2306} INFO - Setting next_dagrun for assignment to 2022-07-10 00:00:00+00:00
[2022-07-10 23:26:22,157] {scheduler_job.py:190} INFO - Processing /opt/airflow/dags/assignment.py took 0.538 seconds
[2022-07-10 23:26:52,487] {scheduler_job.py:182} INFO - Started process (PID=3674) to work on /opt/airflow/dags/assignment.py
[2022-07-10 23:26:52,492] {scheduler_job.py:633} INFO - Processing file /opt/airflow/dags/assignment.py for tasks to queue
[2022-07-10 23:26:52,495] {logging_mixin.py:104} INFO - [2022-07-10 23:26:52,495] {dagbag.py:496} INFO - Filling up the DagBag from /opt/airflow/dags/assignment.py
[2022-07-10 23:26:52,577] {scheduler_job.py:643} INFO - DAG(s) dict_keys(['assignment']) retrieved from /opt/airflow/dags/assignment.py
[2022-07-10 23:26:52,720] {logging_mixin.py:104} INFO - [2022-07-10 23:26:52,720] {dag.py:1833} INFO - Sync 1 DAGs
[2022-07-10 23:26:52,819] {logging_mixin.py:104} INFO - [2022-07-10 23:26:52,818] {dag.py:2306} INFO - Setting next_dagrun for assignment to 2022-07-10 00:00:00+00:00
[2022-07-10 23:26:52,853] {scheduler_job.py:190} INFO - Processing /opt/airflow/dags/assignment.py took 0.374 seconds
[2022-07-10 23:27:22,990] {scheduler_job.py:182} INFO - Started process (PID=3714) to work on /opt/airflow/dags/assignment.py
[2022-07-10 23:27:22,998] {scheduler_job.py:633} INFO - Processing file /opt/airflow/dags/assignment.py for tasks to queue
[2022-07-10 23:27:23,006] {logging_mixin.py:104} INFO - [2022-07-10 23:27:23,005] {dagbag.py:496} INFO - Filling up the DagBag from /opt/airflow/dags/assignment.py
[2022-07-10 23:27:23,126] {scheduler_job.py:643} INFO - DAG(s) dict_keys(['assignment']) retrieved from /opt/airflow/dags/assignment.py
[2022-07-10 23:27:23,321] {logging_mixin.py:104} INFO - [2022-07-10 23:27:23,320] {dag.py:1833} INFO - Sync 1 DAGs
[2022-07-10 23:27:23,441] {logging_mixin.py:104} INFO - [2022-07-10 23:27:23,441] {dag.py:2306} INFO - Setting next_dagrun for assignment to 2022-07-10 00:00:00+00:00
[2022-07-10 23:27:23,488] {scheduler_job.py:190} INFO - Processing /opt/airflow/dags/assignment.py took 0.516 seconds
[2022-07-10 23:27:53,570] {scheduler_job.py:182} INFO - Started process (PID=3745) to work on /opt/airflow/dags/assignment.py
[2022-07-10 23:27:53,578] {scheduler_job.py:633} INFO - Processing file /opt/airflow/dags/assignment.py for tasks to queue
[2022-07-10 23:27:53,582] {logging_mixin.py:104} INFO - [2022-07-10 23:27:53,581] {dagbag.py:496} INFO - Filling up the DagBag from /opt/airflow/dags/assignment.py
[2022-07-10 23:27:53,680] {scheduler_job.py:643} INFO - DAG(s) dict_keys(['assignment']) retrieved from /opt/airflow/dags/assignment.py
[2022-07-10 23:27:53,844] {logging_mixin.py:104} INFO - [2022-07-10 23:27:53,844] {dag.py:1833} INFO - Sync 1 DAGs
[2022-07-10 23:27:53,949] {logging_mixin.py:104} INFO - [2022-07-10 23:27:53,948] {dag.py:2306} INFO - Setting next_dagrun for assignment to 2022-07-10 00:00:00+00:00
[2022-07-10 23:27:54,008] {scheduler_job.py:190} INFO - Processing /opt/airflow/dags/assignment.py took 0.447 seconds
[2022-07-10 23:28:24,401] {scheduler_job.py:182} INFO - Started process (PID=3775) to work on /opt/airflow/dags/assignment.py
[2022-07-10 23:28:24,410] {scheduler_job.py:633} INFO - Processing file /opt/airflow/dags/assignment.py for tasks to queue
[2022-07-10 23:28:24,414] {logging_mixin.py:104} INFO - [2022-07-10 23:28:24,414] {dagbag.py:496} INFO - Filling up the DagBag from /opt/airflow/dags/assignment.py
[2022-07-10 23:28:24,499] {scheduler_job.py:643} INFO - DAG(s) dict_keys(['assignment']) retrieved from /opt/airflow/dags/assignment.py
[2022-07-10 23:28:24,653] {logging_mixin.py:104} INFO - [2022-07-10 23:28:24,652] {dag.py:1833} INFO - Sync 1 DAGs
[2022-07-10 23:28:24,781] {logging_mixin.py:104} INFO - [2022-07-10 23:28:24,780] {dag.py:2306} INFO - Setting next_dagrun for assignment to 2022-07-10 00:00:00+00:00
[2022-07-10 23:28:24,817] {scheduler_job.py:190} INFO - Processing /opt/airflow/dags/assignment.py took 0.425 seconds
[2022-07-10 23:28:54,883] {scheduler_job.py:182} INFO - Started process (PID=3807) to work on /opt/airflow/dags/assignment.py
[2022-07-10 23:28:54,891] {scheduler_job.py:633} INFO - Processing file /opt/airflow/dags/assignment.py for tasks to queue
[2022-07-10 23:28:54,900] {logging_mixin.py:104} INFO - [2022-07-10 23:28:54,899] {dagbag.py:496} INFO - Filling up the DagBag from /opt/airflow/dags/assignment.py
[2022-07-10 23:28:55,026] {scheduler_job.py:643} INFO - DAG(s) dict_keys(['assignment']) retrieved from /opt/airflow/dags/assignment.py
[2022-07-10 23:28:55,201] {logging_mixin.py:104} INFO - [2022-07-10 23:28:55,201] {dag.py:1833} INFO - Sync 1 DAGs
[2022-07-10 23:28:55,319] {logging_mixin.py:104} INFO - [2022-07-10 23:28:55,318] {dag.py:2306} INFO - Setting next_dagrun for assignment to 2022-07-10 00:00:00+00:00
[2022-07-10 23:28:55,369] {scheduler_job.py:190} INFO - Processing /opt/airflow/dags/assignment.py took 0.500 seconds
[2022-07-10 23:29:25,497] {scheduler_job.py:182} INFO - Started process (PID=3837) to work on /opt/airflow/dags/assignment.py
[2022-07-10 23:29:25,502] {scheduler_job.py:633} INFO - Processing file /opt/airflow/dags/assignment.py for tasks to queue
[2022-07-10 23:29:25,505] {logging_mixin.py:104} INFO - [2022-07-10 23:29:25,504] {dagbag.py:496} INFO - Filling up the DagBag from /opt/airflow/dags/assignment.py
[2022-07-10 23:29:25,580] {scheduler_job.py:643} INFO - DAG(s) dict_keys(['assignment']) retrieved from /opt/airflow/dags/assignment.py
[2022-07-10 23:29:25,727] {logging_mixin.py:104} INFO - [2022-07-10 23:29:25,727] {dag.py:1833} INFO - Sync 1 DAGs
[2022-07-10 23:29:25,811] {logging_mixin.py:104} INFO - [2022-07-10 23:29:25,810] {dag.py:2306} INFO - Setting next_dagrun for assignment to 2022-07-10 00:00:00+00:00
[2022-07-10 23:29:25,857] {scheduler_job.py:190} INFO - Processing /opt/airflow/dags/assignment.py took 0.370 seconds
[2022-07-10 23:29:56,004] {scheduler_job.py:182} INFO - Started process (PID=3874) to work on /opt/airflow/dags/assignment.py
[2022-07-10 23:29:56,011] {scheduler_job.py:633} INFO - Processing file /opt/airflow/dags/assignment.py for tasks to queue
[2022-07-10 23:29:56,015] {logging_mixin.py:104} INFO - [2022-07-10 23:29:56,015] {dagbag.py:496} INFO - Filling up the DagBag from /opt/airflow/dags/assignment.py
[2022-07-10 23:29:56,118] {scheduler_job.py:643} INFO - DAG(s) dict_keys(['assignment']) retrieved from /opt/airflow/dags/assignment.py
[2022-07-10 23:29:56,297] {logging_mixin.py:104} INFO - [2022-07-10 23:29:56,296] {dag.py:1833} INFO - Sync 1 DAGs
[2022-07-10 23:29:56,402] {logging_mixin.py:104} INFO - [2022-07-10 23:29:56,401] {dag.py:2306} INFO - Setting next_dagrun for assignment to 2022-07-10 00:00:00+00:00
[2022-07-10 23:29:56,442] {scheduler_job.py:190} INFO - Processing /opt/airflow/dags/assignment.py took 0.450 seconds
[2022-07-10 23:30:26,570] {scheduler_job.py:182} INFO - Started process (PID=3898) to work on /opt/airflow/dags/assignment.py
[2022-07-10 23:30:26,575] {scheduler_job.py:633} INFO - Processing file /opt/airflow/dags/assignment.py for tasks to queue
[2022-07-10 23:30:26,579] {logging_mixin.py:104} INFO - [2022-07-10 23:30:26,578] {dagbag.py:496} INFO - Filling up the DagBag from /opt/airflow/dags/assignment.py
[2022-07-10 23:30:26,652] {scheduler_job.py:643} INFO - DAG(s) dict_keys(['assignment']) retrieved from /opt/airflow/dags/assignment.py
[2022-07-10 23:30:26,800] {logging_mixin.py:104} INFO - [2022-07-10 23:30:26,799] {dag.py:1833} INFO - Sync 1 DAGs
[2022-07-10 23:30:26,882] {logging_mixin.py:104} INFO - [2022-07-10 23:30:26,882] {dag.py:2306} INFO - Setting next_dagrun for assignment to 2022-07-10 00:00:00+00:00
[2022-07-10 23:30:26,912] {scheduler_job.py:190} INFO - Processing /opt/airflow/dags/assignment.py took 0.354 seconds
[2022-07-10 23:30:57,164] {scheduler_job.py:182} INFO - Started process (PID=3934) to work on /opt/airflow/dags/assignment.py
[2022-07-10 23:30:57,172] {scheduler_job.py:633} INFO - Processing file /opt/airflow/dags/assignment.py for tasks to queue
[2022-07-10 23:30:57,176] {logging_mixin.py:104} INFO - [2022-07-10 23:30:57,176] {dagbag.py:496} INFO - Filling up the DagBag from /opt/airflow/dags/assignment.py
[2022-07-10 23:30:57,267] {scheduler_job.py:643} INFO - DAG(s) dict_keys(['assignment']) retrieved from /opt/airflow/dags/assignment.py
[2022-07-10 23:30:57,423] {logging_mixin.py:104} INFO - [2022-07-10 23:30:57,423] {dag.py:1833} INFO - Sync 1 DAGs
[2022-07-10 23:30:57,527] {logging_mixin.py:104} INFO - [2022-07-10 23:30:57,527] {dag.py:2306} INFO - Setting next_dagrun for assignment to 2022-07-10 00:00:00+00:00
[2022-07-10 23:30:57,566] {scheduler_job.py:190} INFO - Processing /opt/airflow/dags/assignment.py took 0.411 seconds
[2022-07-10 23:31:27,664] {scheduler_job.py:182} INFO - Started process (PID=3958) to work on /opt/airflow/dags/assignment.py
[2022-07-10 23:31:27,668] {scheduler_job.py:633} INFO - Processing file /opt/airflow/dags/assignment.py for tasks to queue
[2022-07-10 23:31:27,671] {logging_mixin.py:104} INFO - [2022-07-10 23:31:27,670] {dagbag.py:496} INFO - Filling up the DagBag from /opt/airflow/dags/assignment.py
[2022-07-10 23:31:27,763] {scheduler_job.py:643} INFO - DAG(s) dict_keys(['assignment']) retrieved from /opt/airflow/dags/assignment.py
[2022-07-10 23:31:27,914] {logging_mixin.py:104} INFO - [2022-07-10 23:31:27,914] {dag.py:1833} INFO - Sync 1 DAGs
[2022-07-10 23:31:27,999] {logging_mixin.py:104} INFO - [2022-07-10 23:31:27,999] {dag.py:2306} INFO - Setting next_dagrun for assignment to 2022-07-10 00:00:00+00:00
[2022-07-10 23:31:28,030] {scheduler_job.py:190} INFO - Processing /opt/airflow/dags/assignment.py took 0.374 seconds
[2022-07-10 23:31:58,193] {scheduler_job.py:182} INFO - Started process (PID=3995) to work on /opt/airflow/dags/assignment.py
[2022-07-10 23:31:58,199] {scheduler_job.py:633} INFO - Processing file /opt/airflow/dags/assignment.py for tasks to queue
[2022-07-10 23:31:58,203] {logging_mixin.py:104} INFO - [2022-07-10 23:31:58,202] {dagbag.py:496} INFO - Filling up the DagBag from /opt/airflow/dags/assignment.py
[2022-07-10 23:31:58,297] {scheduler_job.py:643} INFO - DAG(s) dict_keys(['assignment']) retrieved from /opt/airflow/dags/assignment.py
[2022-07-10 23:31:58,480] {logging_mixin.py:104} INFO - [2022-07-10 23:31:58,480] {dag.py:1833} INFO - Sync 1 DAGs
[2022-07-10 23:31:58,597] {logging_mixin.py:104} INFO - [2022-07-10 23:31:58,597] {dag.py:2306} INFO - Setting next_dagrun for assignment to 2022-07-10 00:00:00+00:00
[2022-07-10 23:31:58,640] {scheduler_job.py:190} INFO - Processing /opt/airflow/dags/assignment.py took 0.455 seconds
[2022-07-10 23:32:28,888] {scheduler_job.py:182} INFO - Started process (PID=4019) to work on /opt/airflow/dags/assignment.py
[2022-07-10 23:32:28,891] {scheduler_job.py:633} INFO - Processing file /opt/airflow/dags/assignment.py for tasks to queue
[2022-07-10 23:32:28,894] {logging_mixin.py:104} INFO - [2022-07-10 23:32:28,894] {dagbag.py:496} INFO - Filling up the DagBag from /opt/airflow/dags/assignment.py
[2022-07-10 23:32:28,970] {scheduler_job.py:643} INFO - DAG(s) dict_keys(['assignment']) retrieved from /opt/airflow/dags/assignment.py
[2022-07-10 23:32:29,117] {logging_mixin.py:104} INFO - [2022-07-10 23:32:29,117] {dag.py:1833} INFO - Sync 1 DAGs
[2022-07-10 23:32:29,209] {logging_mixin.py:104} INFO - [2022-07-10 23:32:29,209] {dag.py:2306} INFO - Setting next_dagrun for assignment to 2022-07-10 00:00:00+00:00
[2022-07-10 23:32:29,243] {scheduler_job.py:190} INFO - Processing /opt/airflow/dags/assignment.py took 0.362 seconds
[2022-07-10 23:32:59,314] {scheduler_job.py:182} INFO - Started process (PID=4059) to work on /opt/airflow/dags/assignment.py
[2022-07-10 23:32:59,321] {scheduler_job.py:633} INFO - Processing file /opt/airflow/dags/assignment.py for tasks to queue
[2022-07-10 23:32:59,325] {logging_mixin.py:104} INFO - [2022-07-10 23:32:59,325] {dagbag.py:496} INFO - Filling up the DagBag from /opt/airflow/dags/assignment.py
[2022-07-10 23:32:59,421] {scheduler_job.py:643} INFO - DAG(s) dict_keys(['assignment']) retrieved from /opt/airflow/dags/assignment.py
[2022-07-10 23:32:59,614] {logging_mixin.py:104} INFO - [2022-07-10 23:32:59,614] {dag.py:1833} INFO - Sync 1 DAGs
[2022-07-10 23:32:59,721] {logging_mixin.py:104} INFO - [2022-07-10 23:32:59,721] {dag.py:2306} INFO - Setting next_dagrun for assignment to 2022-07-10 00:00:00+00:00
[2022-07-10 23:32:59,763] {scheduler_job.py:190} INFO - Processing /opt/airflow/dags/assignment.py took 0.463 seconds
[2022-07-10 23:33:30,017] {scheduler_job.py:182} INFO - Started process (PID=4080) to work on /opt/airflow/dags/assignment.py
[2022-07-10 23:33:30,022] {scheduler_job.py:633} INFO - Processing file /opt/airflow/dags/assignment.py for tasks to queue
[2022-07-10 23:33:30,026] {logging_mixin.py:104} INFO - [2022-07-10 23:33:30,025] {dagbag.py:496} INFO - Filling up the DagBag from /opt/airflow/dags/assignment.py
[2022-07-10 23:33:30,121] {scheduler_job.py:643} INFO - DAG(s) dict_keys(['assignment']) retrieved from /opt/airflow/dags/assignment.py
[2022-07-10 23:33:30,282] {logging_mixin.py:104} INFO - [2022-07-10 23:33:30,282] {dag.py:1833} INFO - Sync 1 DAGs
[2022-07-10 23:33:30,381] {logging_mixin.py:104} INFO - [2022-07-10 23:33:30,380] {dag.py:2306} INFO - Setting next_dagrun for assignment to 2022-07-10 00:00:00+00:00
[2022-07-10 23:33:30,420] {scheduler_job.py:190} INFO - Processing /opt/airflow/dags/assignment.py took 0.415 seconds
[2022-07-10 23:34:00,678] {scheduler_job.py:182} INFO - Started process (PID=4121) to work on /opt/airflow/dags/assignment.py
[2022-07-10 23:34:00,689] {scheduler_job.py:633} INFO - Processing file /opt/airflow/dags/assignment.py for tasks to queue
[2022-07-10 23:34:00,698] {logging_mixin.py:104} INFO - [2022-07-10 23:34:00,697] {dagbag.py:496} INFO - Filling up the DagBag from /opt/airflow/dags/assignment.py
[2022-07-10 23:34:00,872] {scheduler_job.py:643} INFO - DAG(s) dict_keys(['assignment']) retrieved from /opt/airflow/dags/assignment.py
[2022-07-10 23:34:01,130] {logging_mixin.py:104} INFO - [2022-07-10 23:34:01,129] {dag.py:1833} INFO - Sync 1 DAGs
[2022-07-10 23:34:01,262] {logging_mixin.py:104} INFO - [2022-07-10 23:34:01,262] {dag.py:2306} INFO - Setting next_dagrun for assignment to 2022-07-10 00:00:00+00:00
[2022-07-10 23:34:01,306] {scheduler_job.py:190} INFO - Processing /opt/airflow/dags/assignment.py took 0.637 seconds
[2022-07-10 23:34:31,812] {scheduler_job.py:182} INFO - Started process (PID=4142) to work on /opt/airflow/dags/assignment.py
[2022-07-10 23:34:31,818] {scheduler_job.py:633} INFO - Processing file /opt/airflow/dags/assignment.py for tasks to queue
[2022-07-10 23:34:31,822] {logging_mixin.py:104} INFO - [2022-07-10 23:34:31,821] {dagbag.py:496} INFO - Filling up the DagBag from /opt/airflow/dags/assignment.py
[2022-07-10 23:34:31,911] {scheduler_job.py:643} INFO - DAG(s) dict_keys(['assignment']) retrieved from /opt/airflow/dags/assignment.py
[2022-07-10 23:34:32,066] {logging_mixin.py:104} INFO - [2022-07-10 23:34:32,066] {dag.py:1833} INFO - Sync 1 DAGs
[2022-07-10 23:34:32,169] {logging_mixin.py:104} INFO - [2022-07-10 23:34:32,168] {dag.py:2306} INFO - Setting next_dagrun for assignment to 2022-07-10 00:00:00+00:00
[2022-07-10 23:34:32,210] {scheduler_job.py:190} INFO - Processing /opt/airflow/dags/assignment.py took 0.412 seconds
[2022-07-10 23:35:02,480] {scheduler_job.py:182} INFO - Started process (PID=4183) to work on /opt/airflow/dags/assignment.py
[2022-07-10 23:35:02,488] {scheduler_job.py:633} INFO - Processing file /opt/airflow/dags/assignment.py for tasks to queue
[2022-07-10 23:35:02,493] {logging_mixin.py:104} INFO - [2022-07-10 23:35:02,492] {dagbag.py:496} INFO - Filling up the DagBag from /opt/airflow/dags/assignment.py
[2022-07-10 23:35:02,605] {scheduler_job.py:643} INFO - DAG(s) dict_keys(['assignment']) retrieved from /opt/airflow/dags/assignment.py
[2022-07-10 23:35:02,788] {logging_mixin.py:104} INFO - [2022-07-10 23:35:02,787] {dag.py:1833} INFO - Sync 1 DAGs
[2022-07-10 23:35:02,916] {logging_mixin.py:104} INFO - [2022-07-10 23:35:02,916] {dag.py:2306} INFO - Setting next_dagrun for assignment to 2022-07-10 00:00:00+00:00
[2022-07-10 23:35:02,966] {scheduler_job.py:190} INFO - Processing /opt/airflow/dags/assignment.py took 0.503 seconds
[2022-07-10 23:35:33,258] {scheduler_job.py:182} INFO - Started process (PID=4204) to work on /opt/airflow/dags/assignment.py
[2022-07-10 23:35:33,264] {scheduler_job.py:633} INFO - Processing file /opt/airflow/dags/assignment.py for tasks to queue
[2022-07-10 23:35:33,269] {logging_mixin.py:104} INFO - [2022-07-10 23:35:33,268] {dagbag.py:496} INFO - Filling up the DagBag from /opt/airflow/dags/assignment.py
[2022-07-10 23:35:33,367] {scheduler_job.py:643} INFO - DAG(s) dict_keys(['assignment']) retrieved from /opt/airflow/dags/assignment.py
[2022-07-10 23:35:33,546] {logging_mixin.py:104} INFO - [2022-07-10 23:35:33,545] {dag.py:1833} INFO - Sync 1 DAGs
[2022-07-10 23:35:33,668] {logging_mixin.py:104} INFO - [2022-07-10 23:35:33,668] {dag.py:2306} INFO - Setting next_dagrun for assignment to 2022-07-10 00:00:00+00:00
[2022-07-10 23:35:33,714] {scheduler_job.py:190} INFO - Processing /opt/airflow/dags/assignment.py took 0.468 seconds
[2022-07-10 23:36:04,091] {scheduler_job.py:182} INFO - Started process (PID=4244) to work on /opt/airflow/dags/assignment.py
[2022-07-10 23:36:04,096] {scheduler_job.py:633} INFO - Processing file /opt/airflow/dags/assignment.py for tasks to queue
[2022-07-10 23:36:04,104] {logging_mixin.py:104} INFO - [2022-07-10 23:36:04,103] {dagbag.py:496} INFO - Filling up the DagBag from /opt/airflow/dags/assignment.py
[2022-07-10 23:36:04,203] {scheduler_job.py:643} INFO - DAG(s) dict_keys(['assignment']) retrieved from /opt/airflow/dags/assignment.py
[2022-07-10 23:36:04,384] {logging_mixin.py:104} INFO - [2022-07-10 23:36:04,383] {dag.py:1833} INFO - Sync 1 DAGs
[2022-07-10 23:36:04,502] {logging_mixin.py:104} INFO - [2022-07-10 23:36:04,501] {dag.py:2306} INFO - Setting next_dagrun for assignment to 2022-07-10 00:00:00+00:00
[2022-07-10 23:36:04,550] {scheduler_job.py:190} INFO - Processing /opt/airflow/dags/assignment.py took 0.470 seconds
[2022-07-10 23:36:35,036] {scheduler_job.py:182} INFO - Started process (PID=4275) to work on /opt/airflow/dags/assignment.py
[2022-07-10 23:36:35,042] {scheduler_job.py:633} INFO - Processing file /opt/airflow/dags/assignment.py for tasks to queue
[2022-07-10 23:36:35,047] {logging_mixin.py:104} INFO - [2022-07-10 23:36:35,046] {dagbag.py:496} INFO - Filling up the DagBag from /opt/airflow/dags/assignment.py
[2022-07-10 23:36:35,138] {scheduler_job.py:643} INFO - DAG(s) dict_keys(['assignment']) retrieved from /opt/airflow/dags/assignment.py
[2022-07-10 23:36:35,303] {logging_mixin.py:104} INFO - [2022-07-10 23:36:35,302] {dag.py:1833} INFO - Sync 1 DAGs
[2022-07-10 23:36:35,414] {logging_mixin.py:104} INFO - [2022-07-10 23:36:35,413] {dag.py:2306} INFO - Setting next_dagrun for assignment to 2022-07-10 00:00:00+00:00
[2022-07-10 23:36:35,460] {scheduler_job.py:190} INFO - Processing /opt/airflow/dags/assignment.py took 0.433 seconds
[2022-07-10 23:37:05,738] {scheduler_job.py:182} INFO - Started process (PID=4304) to work on /opt/airflow/dags/assignment.py
[2022-07-10 23:37:05,745] {scheduler_job.py:633} INFO - Processing file /opt/airflow/dags/assignment.py for tasks to queue
[2022-07-10 23:37:05,747] {logging_mixin.py:104} INFO - [2022-07-10 23:37:05,747] {dagbag.py:496} INFO - Filling up the DagBag from /opt/airflow/dags/assignment.py
[2022-07-10 23:37:05,822] {scheduler_job.py:643} INFO - DAG(s) dict_keys(['assignment']) retrieved from /opt/airflow/dags/assignment.py
[2022-07-10 23:37:05,956] {logging_mixin.py:104} INFO - [2022-07-10 23:37:05,955] {dag.py:1833} INFO - Sync 1 DAGs
[2022-07-10 23:37:06,040] {logging_mixin.py:104} INFO - [2022-07-10 23:37:06,039] {dag.py:2306} INFO - Setting next_dagrun for assignment to 2022-07-10 00:00:00+00:00
[2022-07-10 23:37:06,070] {scheduler_job.py:190} INFO - Processing /opt/airflow/dags/assignment.py took 0.341 seconds
[2022-07-10 23:37:36,178] {scheduler_job.py:182} INFO - Started process (PID=4341) to work on /opt/airflow/dags/assignment.py
[2022-07-10 23:37:36,186] {scheduler_job.py:633} INFO - Processing file /opt/airflow/dags/assignment.py for tasks to queue
[2022-07-10 23:37:36,193] {logging_mixin.py:104} INFO - [2022-07-10 23:37:36,193] {dagbag.py:496} INFO - Filling up the DagBag from /opt/airflow/dags/assignment.py
[2022-07-10 23:37:36,319] {scheduler_job.py:643} INFO - DAG(s) dict_keys(['assignment']) retrieved from /opt/airflow/dags/assignment.py
[2022-07-10 23:37:36,503] {logging_mixin.py:104} INFO - [2022-07-10 23:37:36,503] {dag.py:1833} INFO - Sync 1 DAGs
[2022-07-10 23:37:36,621] {logging_mixin.py:104} INFO - [2022-07-10 23:37:36,620] {dag.py:2306} INFO - Setting next_dagrun for assignment to 2022-07-10 00:00:00+00:00
[2022-07-10 23:37:36,661] {scheduler_job.py:190} INFO - Processing /opt/airflow/dags/assignment.py took 0.500 seconds
[2022-07-10 23:38:06,784] {scheduler_job.py:182} INFO - Started process (PID=4366) to work on /opt/airflow/dags/assignment.py
[2022-07-10 23:38:06,796] {scheduler_job.py:633} INFO - Processing file /opt/airflow/dags/assignment.py for tasks to queue
[2022-07-10 23:38:06,803] {logging_mixin.py:104} INFO - [2022-07-10 23:38:06,802] {dagbag.py:496} INFO - Filling up the DagBag from /opt/airflow/dags/assignment.py
[2022-07-10 23:38:06,938] {scheduler_job.py:643} INFO - DAG(s) dict_keys(['assignment']) retrieved from /opt/airflow/dags/assignment.py
[2022-07-10 23:38:07,102] {logging_mixin.py:104} INFO - [2022-07-10 23:38:07,101] {dag.py:1833} INFO - Sync 1 DAGs
[2022-07-10 23:38:07,191] {logging_mixin.py:104} INFO - [2022-07-10 23:38:07,190] {dag.py:2306} INFO - Setting next_dagrun for assignment to 2022-07-10 00:00:00+00:00
[2022-07-10 23:38:07,223] {scheduler_job.py:190} INFO - Processing /opt/airflow/dags/assignment.py took 0.451 seconds
[2022-07-10 23:38:37,369] {scheduler_job.py:182} INFO - Started process (PID=4403) to work on /opt/airflow/dags/assignment.py
[2022-07-10 23:38:37,381] {scheduler_job.py:633} INFO - Processing file /opt/airflow/dags/assignment.py for tasks to queue
[2022-07-10 23:38:37,394] {logging_mixin.py:104} INFO - [2022-07-10 23:38:37,392] {dagbag.py:496} INFO - Filling up the DagBag from /opt/airflow/dags/assignment.py
[2022-07-10 23:38:37,562] {scheduler_job.py:643} INFO - DAG(s) dict_keys(['assignment']) retrieved from /opt/airflow/dags/assignment.py
[2022-07-10 23:38:37,766] {logging_mixin.py:104} INFO - [2022-07-10 23:38:37,766] {dag.py:1833} INFO - Sync 1 DAGs
[2022-07-10 23:38:37,889] {logging_mixin.py:104} INFO - [2022-07-10 23:38:37,888] {dag.py:2306} INFO - Setting next_dagrun for assignment to 2022-07-10 00:00:00+00:00
[2022-07-10 23:38:37,951] {scheduler_job.py:190} INFO - Processing /opt/airflow/dags/assignment.py took 0.600 seconds
[2022-07-10 23:39:08,245] {scheduler_job.py:182} INFO - Started process (PID=4427) to work on /opt/airflow/dags/assignment.py
[2022-07-10 23:39:08,251] {scheduler_job.py:633} INFO - Processing file /opt/airflow/dags/assignment.py for tasks to queue
[2022-07-10 23:39:08,256] {logging_mixin.py:104} INFO - [2022-07-10 23:39:08,256] {dagbag.py:496} INFO - Filling up the DagBag from /opt/airflow/dags/assignment.py
[2022-07-10 23:39:08,350] {scheduler_job.py:643} INFO - DAG(s) dict_keys(['assignment']) retrieved from /opt/airflow/dags/assignment.py
[2022-07-10 23:39:08,526] {logging_mixin.py:104} INFO - [2022-07-10 23:39:08,525] {dag.py:1833} INFO - Sync 1 DAGs
[2022-07-10 23:39:08,626] {logging_mixin.py:104} INFO - [2022-07-10 23:39:08,626] {dag.py:2306} INFO - Setting next_dagrun for assignment to 2022-07-10 00:00:00+00:00
[2022-07-10 23:39:08,662] {scheduler_job.py:190} INFO - Processing /opt/airflow/dags/assignment.py took 0.428 seconds
[2022-07-10 23:39:38,964] {scheduler_job.py:182} INFO - Started process (PID=4467) to work on /opt/airflow/dags/assignment.py
[2022-07-10 23:39:38,975] {scheduler_job.py:633} INFO - Processing file /opt/airflow/dags/assignment.py for tasks to queue
[2022-07-10 23:39:38,984] {logging_mixin.py:104} INFO - [2022-07-10 23:39:38,983] {dagbag.py:496} INFO - Filling up the DagBag from /opt/airflow/dags/assignment.py
[2022-07-10 23:39:39,158] {scheduler_job.py:643} INFO - DAG(s) dict_keys(['assignment']) retrieved from /opt/airflow/dags/assignment.py
[2022-07-10 23:39:39,359] {logging_mixin.py:104} INFO - [2022-07-10 23:39:39,357] {dag.py:1833} INFO - Sync 1 DAGs
[2022-07-10 23:39:39,503] {logging_mixin.py:104} INFO - [2022-07-10 23:39:39,502] {dag.py:2306} INFO - Setting next_dagrun for assignment to 2022-07-10 00:00:00+00:00
[2022-07-10 23:39:39,558] {scheduler_job.py:190} INFO - Processing /opt/airflow/dags/assignment.py took 0.610 seconds
[2022-07-10 23:40:10,061] {scheduler_job.py:182} INFO - Started process (PID=4488) to work on /opt/airflow/dags/assignment.py
[2022-07-10 23:40:10,066] {scheduler_job.py:633} INFO - Processing file /opt/airflow/dags/assignment.py for tasks to queue
[2022-07-10 23:40:10,070] {logging_mixin.py:104} INFO - [2022-07-10 23:40:10,070] {dagbag.py:496} INFO - Filling up the DagBag from /opt/airflow/dags/assignment.py
[2022-07-10 23:40:10,158] {scheduler_job.py:643} INFO - DAG(s) dict_keys(['assignment']) retrieved from /opt/airflow/dags/assignment.py
[2022-07-10 23:40:10,355] {logging_mixin.py:104} INFO - [2022-07-10 23:40:10,354] {dag.py:1833} INFO - Sync 1 DAGs
[2022-07-10 23:40:10,474] {logging_mixin.py:104} INFO - [2022-07-10 23:40:10,473] {dag.py:2306} INFO - Setting next_dagrun for assignment to 2022-07-10 00:00:00+00:00
[2022-07-10 23:40:10,513] {scheduler_job.py:190} INFO - Processing /opt/airflow/dags/assignment.py took 0.465 seconds
[2022-07-10 23:40:40,635] {scheduler_job.py:182} INFO - Started process (PID=4527) to work on /opt/airflow/dags/assignment.py
[2022-07-10 23:40:40,650] {scheduler_job.py:633} INFO - Processing file /opt/airflow/dags/assignment.py for tasks to queue
[2022-07-10 23:40:40,657] {logging_mixin.py:104} INFO - [2022-07-10 23:40:40,655] {dagbag.py:496} INFO - Filling up the DagBag from /opt/airflow/dags/assignment.py
[2022-07-10 23:40:40,799] {scheduler_job.py:643} INFO - DAG(s) dict_keys(['assignment']) retrieved from /opt/airflow/dags/assignment.py
[2022-07-10 23:40:40,980] {logging_mixin.py:104} INFO - [2022-07-10 23:40:40,980] {dag.py:1833} INFO - Sync 1 DAGs
[2022-07-10 23:40:41,146] {logging_mixin.py:104} INFO - [2022-07-10 23:40:41,144] {dag.py:2306} INFO - Setting next_dagrun for assignment to 2022-07-10 00:00:00+00:00
[2022-07-10 23:40:41,208] {scheduler_job.py:190} INFO - Processing /opt/airflow/dags/assignment.py took 0.592 seconds
[2022-07-10 23:41:11,533] {scheduler_job.py:182} INFO - Started process (PID=4548) to work on /opt/airflow/dags/assignment.py
[2022-07-10 23:41:11,540] {scheduler_job.py:633} INFO - Processing file /opt/airflow/dags/assignment.py for tasks to queue
[2022-07-10 23:41:11,546] {logging_mixin.py:104} INFO - [2022-07-10 23:41:11,544] {dagbag.py:496} INFO - Filling up the DagBag from /opt/airflow/dags/assignment.py
[2022-07-10 23:41:11,651] {scheduler_job.py:643} INFO - DAG(s) dict_keys(['assignment']) retrieved from /opt/airflow/dags/assignment.py
[2022-07-10 23:41:11,836] {logging_mixin.py:104} INFO - [2022-07-10 23:41:11,836] {dag.py:1833} INFO - Sync 1 DAGs
[2022-07-10 23:41:11,958] {logging_mixin.py:104} INFO - [2022-07-10 23:41:11,958] {dag.py:2306} INFO - Setting next_dagrun for assignment to 2022-07-10 00:00:00+00:00
[2022-07-10 23:41:11,998] {scheduler_job.py:190} INFO - Processing /opt/airflow/dags/assignment.py took 0.478 seconds
[2022-07-10 23:41:42,331] {scheduler_job.py:182} INFO - Started process (PID=4588) to work on /opt/airflow/dags/assignment.py
[2022-07-10 23:41:42,341] {scheduler_job.py:633} INFO - Processing file /opt/airflow/dags/assignment.py for tasks to queue
[2022-07-10 23:41:42,358] {logging_mixin.py:104} INFO - [2022-07-10 23:41:42,358] {dagbag.py:496} INFO - Filling up the DagBag from /opt/airflow/dags/assignment.py
[2022-07-10 23:41:42,465] {scheduler_job.py:643} INFO - DAG(s) dict_keys(['assignment']) retrieved from /opt/airflow/dags/assignment.py
[2022-07-10 23:41:42,859] {logging_mixin.py:104} INFO - [2022-07-10 23:41:42,857] {dag.py:1833} INFO - Sync 1 DAGs
[2022-07-10 23:41:43,063] {logging_mixin.py:104} INFO - [2022-07-10 23:41:43,062] {dag.py:2306} INFO - Setting next_dagrun for assignment to 2022-07-10 00:00:00+00:00
[2022-07-10 23:41:43,142] {scheduler_job.py:190} INFO - Processing /opt/airflow/dags/assignment.py took 0.825 seconds
[2022-07-10 23:42:13,520] {scheduler_job.py:182} INFO - Started process (PID=4609) to work on /opt/airflow/dags/assignment.py
[2022-07-10 23:42:13,526] {scheduler_job.py:633} INFO - Processing file /opt/airflow/dags/assignment.py for tasks to queue
[2022-07-10 23:42:13,531] {logging_mixin.py:104} INFO - [2022-07-10 23:42:13,530] {dagbag.py:496} INFO - Filling up the DagBag from /opt/airflow/dags/assignment.py
[2022-07-10 23:42:13,607] {scheduler_job.py:643} INFO - DAG(s) dict_keys(['assignment']) retrieved from /opt/airflow/dags/assignment.py
[2022-07-10 23:42:13,766] {logging_mixin.py:104} INFO - [2022-07-10 23:42:13,765] {dag.py:1833} INFO - Sync 1 DAGs
[2022-07-10 23:42:13,899] {logging_mixin.py:104} INFO - [2022-07-10 23:42:13,898] {dag.py:2306} INFO - Setting next_dagrun for assignment to 2022-07-10 00:00:00+00:00
[2022-07-10 23:42:13,960] {scheduler_job.py:190} INFO - Processing /opt/airflow/dags/assignment.py took 0.450 seconds
[2022-07-10 23:42:44,245] {scheduler_job.py:182} INFO - Started process (PID=4650) to work on /opt/airflow/dags/assignment.py
[2022-07-10 23:42:44,250] {scheduler_job.py:633} INFO - Processing file /opt/airflow/dags/assignment.py for tasks to queue
[2022-07-10 23:42:44,257] {logging_mixin.py:104} INFO - [2022-07-10 23:42:44,256] {dagbag.py:496} INFO - Filling up the DagBag from /opt/airflow/dags/assignment.py
[2022-07-10 23:42:44,330] {scheduler_job.py:643} INFO - DAG(s) dict_keys(['assignment']) retrieved from /opt/airflow/dags/assignment.py
[2022-07-10 23:42:44,464] {logging_mixin.py:104} INFO - [2022-07-10 23:42:44,464] {dag.py:1833} INFO - Sync 1 DAGs
[2022-07-10 23:42:44,554] {logging_mixin.py:104} INFO - [2022-07-10 23:42:44,554] {dag.py:2306} INFO - Setting next_dagrun for assignment to 2022-07-10 00:00:00+00:00
[2022-07-10 23:42:44,601] {scheduler_job.py:190} INFO - Processing /opt/airflow/dags/assignment.py took 0.366 seconds
[2022-07-10 23:43:14,673] {scheduler_job.py:182} INFO - Started process (PID=4681) to work on /opt/airflow/dags/assignment.py
[2022-07-10 23:43:14,679] {scheduler_job.py:633} INFO - Processing file /opt/airflow/dags/assignment.py for tasks to queue
[2022-07-10 23:43:14,682] {logging_mixin.py:104} INFO - [2022-07-10 23:43:14,682] {dagbag.py:496} INFO - Filling up the DagBag from /opt/airflow/dags/assignment.py
[2022-07-10 23:43:14,779] {scheduler_job.py:643} INFO - DAG(s) dict_keys(['assignment']) retrieved from /opt/airflow/dags/assignment.py
[2022-07-10 23:43:14,968] {logging_mixin.py:104} INFO - [2022-07-10 23:43:14,966] {dag.py:1833} INFO - Sync 1 DAGs
[2022-07-10 23:43:15,092] {logging_mixin.py:104} INFO - [2022-07-10 23:43:15,092] {dag.py:2306} INFO - Setting next_dagrun for assignment to 2022-07-10 00:00:00+00:00
[2022-07-10 23:43:15,131] {scheduler_job.py:190} INFO - Processing /opt/airflow/dags/assignment.py took 0.467 seconds
[2022-07-10 23:43:45,282] {scheduler_job.py:182} INFO - Started process (PID=4711) to work on /opt/airflow/dags/assignment.py
[2022-07-10 23:43:45,288] {scheduler_job.py:633} INFO - Processing file /opt/airflow/dags/assignment.py for tasks to queue
[2022-07-10 23:43:45,291] {logging_mixin.py:104} INFO - [2022-07-10 23:43:45,290] {dagbag.py:496} INFO - Filling up the DagBag from /opt/airflow/dags/assignment.py
[2022-07-10 23:43:45,361] {scheduler_job.py:643} INFO - DAG(s) dict_keys(['assignment']) retrieved from /opt/airflow/dags/assignment.py
[2022-07-10 23:43:45,507] {logging_mixin.py:104} INFO - [2022-07-10 23:43:45,507] {dag.py:1833} INFO - Sync 1 DAGs
[2022-07-10 23:43:45,591] {logging_mixin.py:104} INFO - [2022-07-10 23:43:45,591] {dag.py:2306} INFO - Setting next_dagrun for assignment to 2022-07-10 00:00:00+00:00
[2022-07-10 23:43:45,629] {scheduler_job.py:190} INFO - Processing /opt/airflow/dags/assignment.py took 0.359 seconds
[2022-07-10 23:44:15,784] {scheduler_job.py:182} INFO - Started process (PID=4743) to work on /opt/airflow/dags/assignment.py
[2022-07-10 23:44:15,794] {scheduler_job.py:633} INFO - Processing file /opt/airflow/dags/assignment.py for tasks to queue
[2022-07-10 23:44:15,803] {logging_mixin.py:104} INFO - [2022-07-10 23:44:15,801] {dagbag.py:496} INFO - Filling up the DagBag from /opt/airflow/dags/assignment.py
[2022-07-10 23:44:16,002] {scheduler_job.py:643} INFO - DAG(s) dict_keys(['assignment']) retrieved from /opt/airflow/dags/assignment.py
[2022-07-10 23:44:16,186] {logging_mixin.py:104} INFO - [2022-07-10 23:44:16,185] {dag.py:1833} INFO - Sync 1 DAGs
[2022-07-10 23:44:16,296] {logging_mixin.py:104} INFO - [2022-07-10 23:44:16,295] {dag.py:2306} INFO - Setting next_dagrun for assignment to 2022-07-10 00:00:00+00:00
[2022-07-10 23:44:16,339] {scheduler_job.py:190} INFO - Processing /opt/airflow/dags/assignment.py took 0.573 seconds
[2022-07-10 23:44:46,644] {scheduler_job.py:182} INFO - Started process (PID=4773) to work on /opt/airflow/dags/assignment.py
[2022-07-10 23:44:46,651] {scheduler_job.py:633} INFO - Processing file /opt/airflow/dags/assignment.py for tasks to queue
[2022-07-10 23:44:46,655] {logging_mixin.py:104} INFO - [2022-07-10 23:44:46,655] {dagbag.py:496} INFO - Filling up the DagBag from /opt/airflow/dags/assignment.py
[2022-07-10 23:44:46,754] {scheduler_job.py:643} INFO - DAG(s) dict_keys(['assignment']) retrieved from /opt/airflow/dags/assignment.py
[2022-07-10 23:44:46,911] {logging_mixin.py:104} INFO - [2022-07-10 23:44:46,911] {dag.py:1833} INFO - Sync 1 DAGs
[2022-07-10 23:44:47,005] {logging_mixin.py:104} INFO - [2022-07-10 23:44:47,005] {dag.py:2306} INFO - Setting next_dagrun for assignment to 2022-07-10 00:00:00+00:00
[2022-07-10 23:44:47,045] {scheduler_job.py:190} INFO - Processing /opt/airflow/dags/assignment.py took 0.417 seconds
[2022-07-10 23:45:17,327] {scheduler_job.py:182} INFO - Started process (PID=4810) to work on /opt/airflow/dags/assignment.py
[2022-07-10 23:45:17,334] {scheduler_job.py:633} INFO - Processing file /opt/airflow/dags/assignment.py for tasks to queue
[2022-07-10 23:45:17,338] {logging_mixin.py:104} INFO - [2022-07-10 23:45:17,338] {dagbag.py:496} INFO - Filling up the DagBag from /opt/airflow/dags/assignment.py
[2022-07-10 23:45:17,457] {scheduler_job.py:643} INFO - DAG(s) dict_keys(['assignment']) retrieved from /opt/airflow/dags/assignment.py
[2022-07-10 23:45:17,643] {logging_mixin.py:104} INFO - [2022-07-10 23:45:17,643] {dag.py:1833} INFO - Sync 1 DAGs
[2022-07-10 23:45:17,751] {logging_mixin.py:104} INFO - [2022-07-10 23:45:17,750] {dag.py:2306} INFO - Setting next_dagrun for assignment to 2022-07-10 00:00:00+00:00
[2022-07-10 23:45:17,790] {scheduler_job.py:190} INFO - Processing /opt/airflow/dags/assignment.py took 0.475 seconds
[2022-07-10 23:45:48,083] {scheduler_job.py:182} INFO - Started process (PID=4834) to work on /opt/airflow/dags/assignment.py
[2022-07-10 23:45:48,097] {scheduler_job.py:633} INFO - Processing file /opt/airflow/dags/assignment.py for tasks to queue
[2022-07-10 23:45:48,102] {logging_mixin.py:104} INFO - [2022-07-10 23:45:48,101] {dagbag.py:496} INFO - Filling up the DagBag from /opt/airflow/dags/assignment.py
[2022-07-10 23:45:48,175] {scheduler_job.py:643} INFO - DAG(s) dict_keys(['assignment']) retrieved from /opt/airflow/dags/assignment.py
[2022-07-10 23:45:48,348] {logging_mixin.py:104} INFO - [2022-07-10 23:45:48,348] {dag.py:1833} INFO - Sync 1 DAGs
[2022-07-10 23:45:48,438] {logging_mixin.py:104} INFO - [2022-07-10 23:45:48,438] {dag.py:2306} INFO - Setting next_dagrun for assignment to 2022-07-10 00:00:00+00:00
[2022-07-10 23:45:48,468] {scheduler_job.py:190} INFO - Processing /opt/airflow/dags/assignment.py took 0.394 seconds
[2022-07-10 23:46:18,744] {scheduler_job.py:182} INFO - Started process (PID=4871) to work on /opt/airflow/dags/assignment.py
[2022-07-10 23:46:18,753] {scheduler_job.py:633} INFO - Processing file /opt/airflow/dags/assignment.py for tasks to queue
[2022-07-10 23:46:18,762] {logging_mixin.py:104} INFO - [2022-07-10 23:46:18,760] {dagbag.py:496} INFO - Filling up the DagBag from /opt/airflow/dags/assignment.py
[2022-07-10 23:46:18,880] {scheduler_job.py:643} INFO - DAG(s) dict_keys(['assignment']) retrieved from /opt/airflow/dags/assignment.py
[2022-07-10 23:46:19,113] {logging_mixin.py:104} INFO - [2022-07-10 23:46:19,112] {dag.py:1833} INFO - Sync 1 DAGs
[2022-07-10 23:46:19,221] {logging_mixin.py:104} INFO - [2022-07-10 23:46:19,221] {dag.py:2306} INFO - Setting next_dagrun for assignment to 2022-07-10 00:00:00+00:00
[2022-07-10 23:46:19,265] {scheduler_job.py:190} INFO - Processing /opt/airflow/dags/assignment.py took 0.537 seconds
[2022-07-10 23:46:49,546] {scheduler_job.py:182} INFO - Started process (PID=4895) to work on /opt/airflow/dags/assignment.py
[2022-07-10 23:46:49,552] {scheduler_job.py:633} INFO - Processing file /opt/airflow/dags/assignment.py for tasks to queue
[2022-07-10 23:46:49,554] {logging_mixin.py:104} INFO - [2022-07-10 23:46:49,554] {dagbag.py:496} INFO - Filling up the DagBag from /opt/airflow/dags/assignment.py
[2022-07-10 23:46:49,623] {scheduler_job.py:643} INFO - DAG(s) dict_keys(['assignment']) retrieved from /opt/airflow/dags/assignment.py
[2022-07-10 23:46:49,811] {logging_mixin.py:104} INFO - [2022-07-10 23:46:49,810] {dag.py:1833} INFO - Sync 1 DAGs
[2022-07-10 23:46:49,901] {logging_mixin.py:104} INFO - [2022-07-10 23:46:49,900] {dag.py:2306} INFO - Setting next_dagrun for assignment to 2022-07-10 00:00:00+00:00
[2022-07-10 23:46:49,937] {scheduler_job.py:190} INFO - Processing /opt/airflow/dags/assignment.py took 0.401 seconds
[2022-07-10 23:47:20,256] {scheduler_job.py:182} INFO - Started process (PID=4935) to work on /opt/airflow/dags/assignment.py
[2022-07-10 23:47:20,264] {scheduler_job.py:633} INFO - Processing file /opt/airflow/dags/assignment.py for tasks to queue
[2022-07-10 23:47:20,272] {logging_mixin.py:104} INFO - [2022-07-10 23:47:20,270] {dagbag.py:496} INFO - Filling up the DagBag from /opt/airflow/dags/assignment.py
[2022-07-10 23:47:20,388] {scheduler_job.py:643} INFO - DAG(s) dict_keys(['assignment']) retrieved from /opt/airflow/dags/assignment.py
[2022-07-10 23:47:20,654] {logging_mixin.py:104} INFO - [2022-07-10 23:47:20,653] {dag.py:1833} INFO - Sync 1 DAGs
[2022-07-10 23:47:20,788] {logging_mixin.py:104} INFO - [2022-07-10 23:47:20,787] {dag.py:2306} INFO - Setting next_dagrun for assignment to 2022-07-10 00:00:00+00:00
[2022-07-10 23:47:20,830] {scheduler_job.py:190} INFO - Processing /opt/airflow/dags/assignment.py took 0.590 seconds
[2022-07-10 23:47:51,332] {scheduler_job.py:182} INFO - Started process (PID=4956) to work on /opt/airflow/dags/assignment.py
[2022-07-10 23:47:51,347] {scheduler_job.py:633} INFO - Processing file /opt/airflow/dags/assignment.py for tasks to queue
[2022-07-10 23:47:51,355] {logging_mixin.py:104} INFO - [2022-07-10 23:47:51,354] {dagbag.py:496} INFO - Filling up the DagBag from /opt/airflow/dags/assignment.py
[2022-07-10 23:47:51,453] {scheduler_job.py:643} INFO - DAG(s) dict_keys(['assignment']) retrieved from /opt/airflow/dags/assignment.py
[2022-07-10 23:47:51,605] {logging_mixin.py:104} INFO - [2022-07-10 23:47:51,604] {dag.py:1833} INFO - Sync 1 DAGs
[2022-07-10 23:47:51,701] {logging_mixin.py:104} INFO - [2022-07-10 23:47:51,701] {dag.py:2306} INFO - Setting next_dagrun for assignment to 2022-07-10 00:00:00+00:00
[2022-07-10 23:47:51,744] {scheduler_job.py:190} INFO - Processing /opt/airflow/dags/assignment.py took 0.424 seconds
