[2022-07-10 22:59:33,279] {taskinstance.py:896} INFO - Dependencies all met for <TaskInstance: assignment.task_zero 2022-07-09T00:00:00+00:00 [queued]>
[2022-07-10 22:59:33,417] {taskinstance.py:896} INFO - Dependencies all met for <TaskInstance: assignment.task_zero 2022-07-09T00:00:00+00:00 [queued]>
[2022-07-10 22:59:33,420] {taskinstance.py:1087} INFO - 
--------------------------------------------------------------------------------
[2022-07-10 22:59:33,423] {taskinstance.py:1088} INFO - Starting attempt 1 of 3
[2022-07-10 22:59:33,426] {taskinstance.py:1089} INFO - 
--------------------------------------------------------------------------------
[2022-07-10 22:59:33,489] {taskinstance.py:1107} INFO - Executing <Task(BashOperator): task_zero> on 2022-07-09T00:00:00+00:00
[2022-07-10 22:59:33,498] {standard_task_runner.py:52} INFO - Started process 2728 to run task
[2022-07-10 22:59:33,510] {standard_task_runner.py:76} INFO - Running: ['***', 'tasks', 'run', 'assignment', 'task_zero', '2022-07-09T00:00:00+00:00', '--job-id', '2', '--pool', 'default_pool', '--raw', '--subdir', 'DAGS_FOLDER/assignment.py', '--cfg-path', '/tmp/tmp032yw5x6', '--error-file', '/tmp/tmpo0a079l6']
[2022-07-10 22:59:33,515] {standard_task_runner.py:77} INFO - Job 2: Subtask task_zero
[2022-07-10 22:59:33,889] {logging_mixin.py:104} INFO - Running <TaskInstance: assignment.task_zero 2022-07-09T00:00:00+00:00 [running]> on host c259055947c2
[2022-07-10 22:59:34,539] {taskinstance.py:1302} INFO - Exporting the following env vars:
AIRFLOW_CTX_DAG_OWNER=***
AIRFLOW_CTX_DAG_ID=assignment
AIRFLOW_CTX_TASK_ID=task_zero
AIRFLOW_CTX_EXECUTION_DATE=2022-07-09T00:00:00+00:00
AIRFLOW_CTX_DAG_RUN_ID=scheduled__2022-07-09T00:00:00+00:00
[2022-07-10 22:59:34,547] {subprocess.py:52} INFO - Tmp dir root location: 
 /tmp
[2022-07-10 22:59:34,552] {subprocess.py:63} INFO - Running command: ['bash', '-c', 'pip install beautifulsoup4']
[2022-07-10 22:59:34,573] {subprocess.py:75} INFO - Output:
[2022-07-10 22:59:46,594] {subprocess.py:79} INFO - Defaulting to user installation because normal site-packages is not writeable
[2022-07-10 22:59:48,156] {subprocess.py:79} INFO - Collecting beautifulsoup4
[2022-07-10 22:59:48,424] {subprocess.py:79} INFO -   Downloading beautifulsoup4-4.11.1-py3-none-any.whl (128 kB)
[2022-07-10 22:59:48,941] {subprocess.py:79} INFO - Collecting soupsieve>1.2
[2022-07-10 22:59:48,996] {subprocess.py:79} INFO -   Downloading soupsieve-2.3.2.post1-py3-none-any.whl (37 kB)
[2022-07-10 23:00:20,955] {subprocess.py:79} INFO - Installing collected packages: soupsieve, beautifulsoup4
[2022-07-10 23:00:22,201] {subprocess.py:79} INFO - Successfully installed beautifulsoup4-4.11.1 soupsieve-2.3.2.post1
[2022-07-10 23:00:23,587] {subprocess.py:83} INFO - Command exited with return code 0
[2022-07-10 23:00:23,856] {taskinstance.py:1211} INFO - Marking task as SUCCESS. dag_id=assignment, task_id=task_zero, execution_date=20220709T000000, start_date=20220710T225933, end_date=20220710T230023
[2022-07-10 23:00:24,112] {taskinstance.py:1265} INFO - 1 downstream tasks scheduled from follow-on schedule check
[2022-07-10 23:00:24,157] {local_task_job.py:151} INFO - Task exited with return code 0
