[2022-07-10 23:18:21,073] {taskinstance.py:896} INFO - Dependencies all met for <TaskInstance: assignment.task_five 2022-07-09T00:00:00+00:00 [queued]>
[2022-07-10 23:18:21,212] {taskinstance.py:896} INFO - Dependencies all met for <TaskInstance: assignment.task_five 2022-07-09T00:00:00+00:00 [queued]>
[2022-07-10 23:18:21,215] {taskinstance.py:1087} INFO - 
--------------------------------------------------------------------------------
[2022-07-10 23:18:21,218] {taskinstance.py:1088} INFO - Starting attempt 1 of 1
[2022-07-10 23:18:21,221] {taskinstance.py:1089} INFO - 
--------------------------------------------------------------------------------
[2022-07-10 23:18:21,277] {taskinstance.py:1107} INFO - Executing <Task(PythonOperator): task_five> on 2022-07-09T00:00:00+00:00
[2022-07-10 23:18:21,296] {standard_task_runner.py:52} INFO - Started process 4225 to run task
[2022-07-10 23:18:21,307] {standard_task_runner.py:76} INFO - Running: ['***', 'tasks', 'run', 'assignment', 'task_five', '2022-07-09T00:00:00+00:00', '--job-id', '8', '--pool', 'default_pool', '--raw', '--subdir', 'DAGS_FOLDER/assignment.py', '--cfg-path', '/tmp/tmp3svhsvan', '--error-file', '/tmp/tmpkalb5c87']
[2022-07-10 23:18:21,312] {standard_task_runner.py:77} INFO - Job 8: Subtask task_five
[2022-07-10 23:18:21,672] {logging_mixin.py:104} INFO - Running <TaskInstance: assignment.task_five 2022-07-09T00:00:00+00:00 [running]> on host c259055947c2
[2022-07-10 23:18:22,397] {taskinstance.py:1302} INFO - Exporting the following env vars:
AIRFLOW_CTX_DAG_OWNER=***
AIRFLOW_CTX_DAG_ID=assignment
AIRFLOW_CTX_TASK_ID=task_five
AIRFLOW_CTX_EXECUTION_DATE=2022-07-09T00:00:00+00:00
AIRFLOW_CTX_DAG_RUN_ID=scheduled__2022-07-09T00:00:00+00:00
[2022-07-10 23:18:22,457] {logging_mixin.py:104} INFO - counted words: words.json
[2022-07-10 23:18:22,461] {python.py:151} INFO - Done. Returned value was: None
[2022-07-10 23:18:22,564] {taskinstance.py:1211} INFO - Marking task as SUCCESS. dag_id=assignment, task_id=task_five, execution_date=20220709T000000, start_date=20220710T231821, end_date=20220710T231822
[2022-07-10 23:18:22,802] {taskinstance.py:1265} INFO - 0 downstream tasks scheduled from follow-on schedule check
[2022-07-10 23:18:22,848] {local_task_job.py:151} INFO - Task exited with return code 0
