[2022-07-10 23:18:16,756] {taskinstance.py:896} INFO - Dependencies all met for <TaskInstance: assignment.task_four 2022-07-09T00:00:00+00:00 [queued]>
[2022-07-10 23:18:16,897] {taskinstance.py:896} INFO - Dependencies all met for <TaskInstance: assignment.task_four 2022-07-09T00:00:00+00:00 [queued]>
[2022-07-10 23:18:16,901] {taskinstance.py:1087} INFO - 
--------------------------------------------------------------------------------
[2022-07-10 23:18:16,903] {taskinstance.py:1088} INFO - Starting attempt 1 of 1
[2022-07-10 23:18:16,905] {taskinstance.py:1089} INFO - 
--------------------------------------------------------------------------------
[2022-07-10 23:18:16,964] {taskinstance.py:1107} INFO - Executing <Task(PythonOperator): task_four> on 2022-07-09T00:00:00+00:00
[2022-07-10 23:18:16,985] {standard_task_runner.py:52} INFO - Started process 4221 to run task
[2022-07-10 23:18:16,996] {standard_task_runner.py:76} INFO - Running: ['***', 'tasks', 'run', 'assignment', 'task_four', '2022-07-09T00:00:00+00:00', '--job-id', '7', '--pool', 'default_pool', '--raw', '--subdir', 'DAGS_FOLDER/assignment.py', '--cfg-path', '/tmp/tmpx_5iafi_', '--error-file', '/tmp/tmp1puz4nlw']
[2022-07-10 23:18:17,000] {standard_task_runner.py:77} INFO - Job 7: Subtask task_four
[2022-07-10 23:18:17,370] {logging_mixin.py:104} INFO - Running <TaskInstance: assignment.task_four 2022-07-09T00:00:00+00:00 [running]> on host c259055947c2
[2022-07-10 23:18:17,844] {taskinstance.py:1302} INFO - Exporting the following env vars:
AIRFLOW_CTX_DAG_OWNER=***
AIRFLOW_CTX_DAG_ID=assignment
AIRFLOW_CTX_TASK_ID=task_four
AIRFLOW_CTX_EXECUTION_DATE=2022-07-09T00:00:00+00:00
AIRFLOW_CTX_DAG_RUN_ID=scheduled__2022-07-09T00:00:00+00:00
[2022-07-10 23:18:18,014] {logging_mixin.py:104} INFO - cleaned titles: h3_titles_clean.json
[2022-07-10 23:18:18,018] {python.py:151} INFO - Done. Returned value was: None
[2022-07-10 23:18:18,131] {taskinstance.py:1211} INFO - Marking task as SUCCESS. dag_id=assignment, task_id=task_four, execution_date=20220709T000000, start_date=20220710T231816, end_date=20220710T231818
[2022-07-10 23:18:18,383] {taskinstance.py:1265} INFO - 1 downstream tasks scheduled from follow-on schedule check
[2022-07-10 23:18:18,436] {local_task_job.py:151} INFO - Task exited with return code 0
