[2022-07-10 23:15:44,122] {taskinstance.py:896} INFO - Dependencies all met for <TaskInstance: assignment.task_two 2022-07-09T00:00:00+00:00 [queued]>
[2022-07-10 23:15:44,293] {taskinstance.py:896} INFO - Dependencies all met for <TaskInstance: assignment.task_two 2022-07-09T00:00:00+00:00 [queued]>
[2022-07-10 23:15:44,302] {taskinstance.py:1087} INFO - 
--------------------------------------------------------------------------------
[2022-07-10 23:15:44,307] {taskinstance.py:1088} INFO - Starting attempt 1 of 1
[2022-07-10 23:15:44,314] {taskinstance.py:1089} INFO - 
--------------------------------------------------------------------------------
[2022-07-10 23:15:44,410] {taskinstance.py:1107} INFO - Executing <Task(PythonOperator): task_two> on 2022-07-09T00:00:00+00:00
[2022-07-10 23:15:44,433] {standard_task_runner.py:52} INFO - Started process 4011 to run task
[2022-07-10 23:15:44,446] {standard_task_runner.py:76} INFO - Running: ['***', 'tasks', 'run', 'assignment', 'task_two', '2022-07-09T00:00:00+00:00', '--job-id', '5', '--pool', 'default_pool', '--raw', '--subdir', 'DAGS_FOLDER/assignment.py', '--cfg-path', '/tmp/tmpk0c6cxll', '--error-file', '/tmp/tmppyrar760']
[2022-07-10 23:15:44,455] {standard_task_runner.py:77} INFO - Job 5: Subtask task_two
[2022-07-10 23:15:44,980] {logging_mixin.py:104} INFO - Running <TaskInstance: assignment.task_two 2022-07-09T00:00:00+00:00 [running]> on host c259055947c2
[2022-07-10 23:15:45,495] {taskinstance.py:1302} INFO - Exporting the following env vars:
AIRFLOW_CTX_DAG_OWNER=***
AIRFLOW_CTX_DAG_ID=assignment
AIRFLOW_CTX_TASK_ID=task_two
AIRFLOW_CTX_EXECUTION_DATE=2022-07-09T00:00:00+00:00
AIRFLOW_CTX_DAG_RUN_ID=scheduled__2022-07-09T00:00:00+00:00
[2022-07-10 23:15:45,534] {python.py:151} INFO - Done. Returned value was: None
[2022-07-10 23:15:45,618] {taskinstance.py:1211} INFO - Marking task as SUCCESS. dag_id=assignment, task_id=task_two, execution_date=20220709T000000, start_date=20220710T231544, end_date=20220710T231545
[2022-07-10 23:15:45,901] {taskinstance.py:1265} INFO - 1 downstream tasks scheduled from follow-on schedule check
[2022-07-10 23:15:45,956] {local_task_job.py:151} INFO - Task exited with return code 0
